#
# There is insufficient memory for the Java Runtime Environment to continue.
# Native memory allocation (mmap) failed to map 174063616 bytes for committing reserved memory.
# Possible reasons:
#   The system is out of physical RAM or swap space
#   In 32 bit mode, the process size limit was hit
# Possible solutions:
#   Reduce memory load on the system
#   Increase physical memory or swap space
#   Check if swap backing store is full
#   Use 64 bit Java on a 64 bit OS
#   Decrease Java heap size (-Xmx/-Xms)
#   Decrease number of Java threads
#   Decrease Java thread stack sizes (-Xss)
#   Set larger code cache with -XX:ReservedCodeCacheSize=
# This output file may be truncated or incomplete.
#
#  Out of Memory Error (os_linux.cpp:2627), pid=15903, tid=140376177551104
#
# JRE version: Java(TM) SE Runtime Environment (8.0_66-b17) (build 1.8.0_66-b17)
# Java VM: Java HotSpot(TM) 64-Bit Server VM (25.66-b17 mixed mode linux-amd64 compressed oops)
# Failed to write core dump. Core dumps have been disabled. To enable core dumping, try "ulimit -c unlimited" before starting Java again
#

---------------  T H R E A D  ---------------

Current thread (0x00007fabdc07a800):  VMThread [stack: 0x00007fabe022a000,0x00007fabe032b000] [id=15913]

Stack: [0x00007fabe022a000,0x00007fabe032b000],  sp=0x00007fabe03291a0,  free space=1020k
Native frames: (J=compiled Java code, j=interpreted, Vv=VM code, C=native code)
V  [libjvm.so+0xab9a1a]  VMError::report_and_die()+0x2ba
V  [libjvm.so+0x4f9e0b]  report_vm_out_of_memory(char const*, int, unsigned long, VMErrorType, char const*)+0x8b
V  [libjvm.so+0x91a8a3]  os::Linux::commit_memory_impl(char*, unsigned long, bool)+0x103
V  [libjvm.so+0x91adf9]  os::pd_commit_memory(char*, unsigned long, unsigned long, bool)+0x29
V  [libjvm.so+0x91510a]  os::commit_memory(char*, unsigned long, unsigned long, bool)+0x2a
V  [libjvm.so+0x9887a3]  PSVirtualSpace::expand_by(unsigned long)+0x53
V  [libjvm.so+0x989ba8]  PSYoungGen::resize_generation(unsigned long, unsigned long)+0xf8
V  [libjvm.so+0x988d02]  PSYoungGen::resize(unsigned long, unsigned long)+0x22
V  [libjvm.so+0x985fdb]  PSScavenge::invoke_no_policy()+0xf3b
V  [libjvm.so+0x986761]  PSScavenge::invoke()+0x41
V  [libjvm.so+0x93e500]  ParallelScavengeHeap::failed_mem_allocate(unsigned long)+0x70
V  [libjvm.so+0xabb437]  VM_ParallelGCFailedAllocation::doit()+0x97
V  [libjvm.so+0xac2e65]  VM_Operation::evaluate()+0x55
V  [libjvm.so+0xac123a]  VMThread::evaluate_operation(VM_Operation*)+0xba
V  [libjvm.so+0xac15be]  VMThread::loop()+0x1ce
V  [libjvm.so+0xac1a30]  VMThread::run()+0x70
V  [libjvm.so+0x91cc68]  java_start(Thread*)+0x108

VM_Operation (0x00007fabe59d50c0): ParallelGCFailedAllocation, mode: safepoint, requested by thread 0x00007fabdc00c800


---------------  P R O C E S S  ---------------

Java Threads: ( => current thread )
  0x00007fabdc0ce000 JavaThread "Service Thread" daemon [_thread_blocked, id=15920, stack(0x00007fabcc2a3000,0x00007fabcc3a4000)]
  0x00007fabdc0c0800 JavaThread "C1 CompilerThread2" daemon [_thread_blocked, id=15919, stack(0x00007fabcc3a4000,0x00007fabcc4a5000)]
  0x00007fabdc0bf000 JavaThread "C2 CompilerThread1" daemon [_thread_blocked, id=15918, stack(0x00007fabcc4a5000,0x00007fabcc5a6000)]
  0x00007fabdc0bc000 JavaThread "C2 CompilerThread0" daemon [_thread_blocked, id=15917, stack(0x00007fabcc5a6000,0x00007fabcc6a7000)]
  0x00007fabdc0ba800 JavaThread "Signal Dispatcher" daemon [_thread_blocked, id=15916, stack(0x00007fabcc6a7000,0x00007fabcc7a8000)]
  0x00007fabdc082000 JavaThread "Finalizer" daemon [_thread_blocked, id=15915, stack(0x00007fabe0028000,0x00007fabe0129000)]
  0x00007fabdc080000 JavaThread "Reference Handler" daemon [_thread_blocked, id=15914, stack(0x00007fabe0129000,0x00007fabe022a000)]
  0x00007fabdc00c800 JavaThread "main" [_thread_blocked, id=15908, stack(0x00007fabe58d6000,0x00007fabe59d7000)]

Other Threads:
=>0x00007fabdc07a800 VMThread [stack: 0x00007fabe022a000,0x00007fabe032b000] [id=15913]
  0x00007fabdc0d1000 WatcherThread [stack: 0x00007fabcc1a2000,0x00007fabcc2a3000] [id=15921]

VM state:at safepoint (normal execution)

VM Mutex/Monitor currently owned by a thread:  ([mutex/lock_event])
[0x00007fabdc008df0] Threads_lock - owner thread: 0x00007fabdc07a800
[0x00007fabdc0092f0] Heap_lock - owner thread: 0x00007fabdc00c800

Heap:
 PSYoungGen      total 132096K, used 5089K [0x00000000eab00000, 0x00000000f3100000, 0x0000000100000000)
  eden space 126976K, 0% used [0x00000000eab00000,0x00000000eab00000,0x00000000f2700000)
  from space 5120K, 99% used [0x00000000f2700000,0x00000000f2bf85e8,0x00000000f2c00000)
  to   space 5120K, 0% used [0x00000000f2c00000,0x00000000f2c00000,0x00000000f3100000)
 ParOldGen       total 84992K, used 38954K [0x00000000c0000000, 0x00000000c5300000, 0x00000000eab00000)
  object space 84992K, 45% used [0x00000000c0000000,0x00000000c260aab8,0x00000000c5300000)
 Metaspace       used 4746K, capacity 5464K, committed 5760K, reserved 1056768K
  class space    used 495K, capacity 528K, committed 640K, reserved 1048576K

Card table byte_map: [0x00007fabe2495000,0x00007fabe2696000] byte_map_base: 0x00007fabe1e95000

Marking Bits: (ParMarkBitMap*) 0x00007fabe4da7020
 Begin Bits: [0x00007fabc6000000, 0x00007fabc7000000)
 End Bits:   [0x00007fabc7000000, 0x00007fabc8000000)

Polling page: 0x00007fabe59f4000

CodeCache: size=245760Kb used=3944Kb max_used=3957Kb free=241816Kb
 bounds [0x00007fabcd000000, 0x00007fabcd3f0000, 0x00007fabdc000000]
 total_blobs=1440 nmethods=1166 adapters=188
 compilation: enabled

Compilation events (10 events):
Event: 14.926 Thread 0x00007fabdc0bc000 nmethod 1219 0x00007fabcd3cd2d0 code [0x00007fabcd3cd440, 0x00007fabcd3cd658]
Event: 14.926 Thread 0x00007fabdc0bc000 1221       4       com.android.dex.Dex$Section::readClassData (66 bytes)
Event: 14.958 Thread 0x00007fabdc0c0800 1226       3       com.android.dx.io.instructions.InstructionCodec$17::decode (46 bytes)
Event: 14.959 Thread 0x00007fabdc0c0800 nmethod 1226 0x00007fabcd3cc310 code [0x00007fabcd3cc500, 0x00007fabcd3ccd38]
Event: 14.959 Thread 0x00007fabdc0c0800 1227       3       com.android.dx.io.instructions.InstructionCodec$17::encode (29 bytes)
Event: 14.960 Thread 0x00007fabdc0c0800 nmethod 1227 0x00007fabcd3d2810 code [0x00007fabcd3d2a00, 0x00007fabcd3d34e8]
Event: 14.975 Thread 0x00007fabdc0bc000 nmethod 1221 0x00007fabcd3e0090 code [0x00007fabcd3e0280, 0x00007fabcd3e1170]
Event: 14.975 Thread 0x00007fabdc0bc000 1223       4       com.android.dx.io.instructions.InstructionCodec$14::decode (53 bytes)
Event: 14.978 Thread 0x00007fabdc0bc000 nmethod 1223 0x00007fabcd3de190 code [0x00007fabcd3de300, 0x00007fabcd3de538]
Event: 14.978 Thread 0x00007fabdc0bc000 1224       4       com.android.dx.io.instructions.InstructionCodec$14::encode (29 bytes)

GC Heap History (9 events):
Event: 0.450 GC heap before
{Heap before GC invocations=1 (full 0):
 PSYoungGen      total 36864K, used 31732K [0x00000000eab00000, 0x00000000ed400000, 0x0000000100000000)
  eden space 31744K, 99% used [0x00000000eab00000,0x00000000ec9fd390,0x00000000eca00000)
  from space 5120K, 0% used [0x00000000ecf00000,0x00000000ecf00000,0x00000000ed400000)
  to   space 5120K, 0% used [0x00000000eca00000,0x00000000eca00000,0x00000000ecf00000)
 ParOldGen       total 84992K, used 0K [0x00000000c0000000, 0x00000000c5300000, 0x00000000eab00000)
  object space 84992K, 0% used [0x00000000c0000000,0x00000000c0000000,0x00000000c5300000)
 Metaspace       used 3528K, capacity 4720K, committed 4864K, reserved 1056768K
  class space    used 374K, capacity 424K, committed 512K, reserved 1048576K
Event: 0.467 GC heap after
Heap after GC invocations=1 (full 0):
 PSYoungGen      total 36864K, used 5107K [0x00000000eab00000, 0x00000000ef300000, 0x0000000100000000)
  eden space 31744K, 0% used [0x00000000eab00000,0x00000000eab00000,0x00000000eca00000)
  from space 5120K, 99% used [0x00000000eca00000,0x00000000ecefcfc0,0x00000000ecf00000)
  to   space 5120K, 0% used [0x00000000eee00000,0x00000000eee00000,0x00000000ef300000)
 ParOldGen       total 84992K, used 3423K [0x00000000c0000000, 0x00000000c5300000, 0x00000000eab00000)
  object space 84992K, 4% used [0x00000000c0000000,0x00000000c0357ec0,0x00000000c5300000)
 Metaspace       used 3528K, capacity 4720K, committed 4864K, reserved 1056768K
  class space    used 374K, capacity 424K, committed 512K, reserved 1048576K
}
Event: 0.679 GC heap before
{Heap before GC invocations=2 (full 0):
 PSYoungGen      total 36864K, used 36851K [0x00000000eab00000, 0x00000000ef300000, 0x0000000100000000)
  eden space 31744K, 100% used [0x00000000eab00000,0x00000000eca00000,0x00000000eca00000)
  from space 5120K, 99% used [0x00000000eca00000,0x00000000ecefcfc0,0x00000000ecf00000)
  to   space 5120K, 0% used [0x00000000eee00000,0x00000000eee00000,0x00000000ef300000)
 ParOldGen       total 84992K, used 3423K [0x00000000c0000000, 0x00000000c5300000, 0x00000000eab00000)
  object space 84992K, 4% used [0x00000000c0000000,0x00000000c0357ec0,0x00000000c5300000)
 Metaspace       used 3820K, capacity 4944K, committed 5120K, reserved 1056768K
  class space    used 405K, capacity 456K, committed 512K, reserved 1048576K
Event: 0.701 GC heap after
Heap after GC invocations=2 (full 0):
 PSYoungGen      total 68608K, used 5104K [0x00000000eab00000, 0x00000000ef300000, 0x0000000100000000)
  eden space 63488K, 0% used [0x00000000eab00000,0x00000000eab00000,0x00000000ee900000)
  from space 5120K, 99% used [0x00000000eee00000,0x00000000ef2fc3c8,0x00000000ef300000)
  to   space 5120K, 0% used [0x00000000ee900000,0x00000000ee900000,0x00000000eee00000)
 ParOldGen       total 84992K, used 22872K [0x00000000c0000000, 0x00000000c5300000, 0x00000000eab00000)
  object space 84992K, 26% used [0x00000000c0000000,0x00000000c16563b0,0x00000000c5300000)
 Metaspace       used 3820K, capacity 4944K, committed 5120K, reserved 1056768K
  class space    used 405K, capacity 456K, committed 512K, reserved 1048576K
}
Event: 2.042 GC heap before
{Heap before GC invocations=3 (full 0):
 PSYoungGen      total 68608K, used 68592K [0x00000000eab00000, 0x00000000ef300000, 0x0000000100000000)
  eden space 63488K, 100% used [0x00000000eab00000,0x00000000ee900000,0x00000000ee900000)
  from space 5120K, 99% used [0x00000000eee00000,0x00000000ef2fc3c8,0x00000000ef300000)
  to   space 5120K, 0% used [0x00000000ee900000,0x00000000ee900000,0x00000000eee00000)
 ParOldGen       total 84992K, used 22872K [0x00000000c0000000, 0x00000000c5300000, 0x00000000eab00000)
  object space 84992K, 26% used [0x00000000c0000000,0x00000000c16563b0,0x00000000c5300000)
 Metaspace       used 4398K, capacity 5424K, committed 5632K, reserved 1056768K
  class space    used 458K, capacity 488K, committed 512K, reserved 1048576K
Event: 4.857 GC heap after
Heap after GC invocations=3 (full 0):
 PSYoungGen      total 68608K, used 5119K [0x00000000eab00000, 0x00000000f3100000, 0x0000000100000000)
  eden space 63488K, 0% used [0x00000000eab00000,0x00000000eab00000,0x00000000ee900000)
  from space 5120K, 99% used [0x00000000ee900000,0x00000000eedffd98,0x00000000eee00000)
  to   space 5120K, 0% used [0x00000000f2c00000,0x00000000f2c00000,0x00000000f3100000)
 ParOldGen       total 84992K, used 26856K [0x00000000c0000000, 0x00000000c5300000, 0x00000000eab00000)
  object space 84992K, 31% used [0x00000000c0000000,0x00000000c1a3a350,0x00000000c5300000)
 Metaspace       used 4398K, capacity 5424K, committed 5632K, reserved 1056768K
  class space    used 458K, capacity 488K, committed 512K, reserved 1048576K
}
Event: 9.759 GC heap before
{Heap before GC invocations=4 (full 0):
 PSYoungGen      total 68608K, used 68607K [0x00000000eab00000, 0x00000000f3100000, 0x0000000100000000)
  eden space 63488K, 100% used [0x00000000eab00000,0x00000000ee900000,0x00000000ee900000)
  from space 5120K, 99% used [0x00000000ee900000,0x00000000eedffd98,0x00000000eee00000)
  to   space 5120K, 0% used [0x00000000f2c00000,0x00000000f2c00000,0x00000000f3100000)
 ParOldGen       total 84992K, used 26856K [0x00000000c0000000, 0x00000000c5300000, 0x00000000eab00000)
  object space 84992K, 31% used [0x00000000c0000000,0x00000000c1a3a350,0x00000000c5300000)
 Metaspace       used 4399K, capacity 5424K, committed 5632K, reserved 1056768K
  class space    used 458K, capacity 488K, committed 512K, reserved 1048576K
Event: 10.298 GC heap after
Heap after GC invocations=4 (full 0):
 PSYoungGen      total 132096K, used 4731K [0x00000000eab00000, 0x00000000f3100000, 0x0000000100000000)
  eden space 126976K, 0% used [0x00000000eab00000,0x00000000eab00000,0x00000000f2700000)
  from space 5120K, 92% used [0x00000000f2c00000,0x00000000f309ed70,0x00000000f3100000)
  to   space 5120K, 0% used [0x00000000f2700000,0x00000000f2700000,0x00000000f2c00000)
 ParOldGen       total 84992K, used 28663K [0x00000000c0000000, 0x00000000c5300000, 0x00000000eab00000)
  object space 84992K, 33% used [0x00000000c0000000,0x00000000c1bfdf00,0x00000000c5300000)
 Metaspace       used 4399K, capacity 5424K, committed 5632K, reserved 1056768K
  class space    used 458K, capacity 488K, committed 512K, reserved 1048576K
}
Event: 14.983 GC heap before
{Heap before GC invocations=5 (full 0):
 PSYoungGen      total 132096K, used 131707K [0x00000000eab00000, 0x00000000f3100000, 0x0000000100000000)
  eden space 126976K, 100% used [0x00000000eab00000,0x00000000f2700000,0x00000000f2700000)
  from space 5120K, 92% used [0x00000000f2c00000,0x00000000f309ed70,0x00000000f3100000)
  to   space 5120K, 0% used [0x00000000f2700000,0x00000000f2700000,0x00000000f2c00000)
 ParOldGen       total 84992K, used 28663K [0x00000000c0000000, 0x00000000c5300000, 0x00000000eab00000)
  object space 84992K, 33% used [0x00000000c0000000,0x00000000c1bfdf00,0x00000000c5300000)
 Metaspace       used 4746K, capacity 5464K, committed 5760K, reserved 1056768K
  class space    used 495K, capacity 528K, committed 640K, reserved 1048576K

Deoptimization events (10 events):
Event: 12.885 Thread 0x00007fabdc00c800 Uncommon trap: reason=class_check action=maybe_recompile pc=0x00007fabcd29ec74 method=java.util.HashMap.putVal(ILjava/lang/Object;Ljava/lang/Object;ZZ)Ljava/lang/Object; @ 56
Event: 12.907 Thread 0x00007fabdc00c800 Uncommon trap: reason=class_check action=maybe_recompile pc=0x00007fabcd29ec74 method=java.util.HashMap.putVal(ILjava/lang/Object;Ljava/lang/Object;ZZ)Ljava/lang/Object; @ 56
Event: 12.956 Thread 0x00007fabdc00c800 Uncommon trap: reason=class_check action=maybe_recompile pc=0x00007fabcd29ec74 method=java.util.HashMap.putVal(ILjava/lang/Object;Ljava/lang/Object;ZZ)Ljava/lang/Object; @ 56
Event: 12.963 Thread 0x00007fabdc00c800 Uncommon trap: reason=class_check action=maybe_recompile pc=0x00007fabcd29ecdc method=java.util.HashMap.putVal(ILjava/lang/Object;Ljava/lang/Object;ZZ)Ljava/lang/Object; @ 152
Event: 12.963 Thread 0x00007fabdc00c800 Uncommon trap: reason=class_check action=maybe_recompile pc=0x00007fabcd29ecdc method=java.util.HashMap.putVal(ILjava/lang/Object;Ljava/lang/Object;ZZ)Ljava/lang/Object; @ 152
Event: 13.809 Thread 0x00007fabdc00c800 Uncommon trap: reason=unstable_if action=reinterpret pc=0x00007fabcd2324b8 method=com.android.dx.merge.DexMerger$IdMerger.readIntoMap(Lcom/android/dex/Dex$Section;Lcom/android/dex/TableOfContents$Section;Lcom/android/dx/merge/IndexMap;ILjava/util/TreeMap;
Event: 13.809 Thread 0x00007fabdc00c800 Uncommon trap: reason=unstable_if action=reinterpret pc=0x00007fabcd1fdff0 method=com.android.dex.Mutf8.countBytes(Ljava/lang/String;Z)J @ 50
Event: 13.809 Thread 0x00007fabdc00c800 Uncommon trap: reason=unstable_if action=reinterpret pc=0x00007fabcd202c4c method=com.android.dex.Mutf8.countBytes(Ljava/lang/String;Z)J @ 50
Event: 14.207 Thread 0x00007fabdc00c800 Uncommon trap: reason=unstable_if action=reinterpret pc=0x00007fabcd2af6d4 method=com.android.dex.EncodedValueCodec.writeUnsignedIntegralValue(Lcom/android/dex/util/ByteOutput;IJ)V @ 11
Event: 14.758 Thread 0x00007fabdc00c800 Uncommon trap: reason=unstable_if action=reinterpret pc=0x00007fabcd35e4a0 method=com.android.dx.merge.DexMerger.transformCode(Lcom/android/dex/Dex;Lcom/android/dex/Code;Lcom/android/dx/merge/IndexMap;)V @ 86

Internal exceptions (3 events):
Event: 0.052 Thread 0x00007fabdc00c800 Exception <a 'java/lang/NoSuchMethodError': Method sun.misc.Unsafe.defineClass(Ljava/lang/String;[BII)Ljava/lang/Class; name or signature does not match> (0x00000000eab12b98) thrown at [/HUDSON/workspace/8-2-build-linux-amd64/jdk8u66/4988/hotspot/src/shar
Event: 0.052 Thread 0x00007fabdc00c800 Exception <a 'java/lang/NoSuchMethodError': Method sun.misc.Unsafe.prefetchRead(Ljava/lang/Object;J)V name or signature does not match> (0x00000000eab12e80) thrown at [/HUDSON/workspace/8-2-build-linux-amd64/jdk8u66/4988/hotspot/src/share/vm/prims/jni.cpp
Event: 13.793 Thread 0x00007fabdc00c800 Implicit null exception at 0x00007fabcd231652 to 0x00007fabcd232495

Events (10 events):
Event: 14.472 loading class java/util/Collections$EmptyIterator
Event: 14.571 loading class java/util/Collections$EmptyIterator done
Event: 14.601 loading class com/android/dex/Dex$1
Event: 14.601 loading class com/android/dex/Dex$1 done
Event: 14.644 Thread 0x00007fabdc00c800 DEOPT PACKING pc=0x00007fabcd29460f sp=0x00007fabe59d53a0
Event: 14.644 Thread 0x00007fabdc00c800 DEOPT UNPACKING pc=0x00007fabcd047633 sp=0x00007fabe59d5110 mode 0
Event: 14.758 Thread 0x00007fabdc00c800 Uncommon trap: trap_request=0xffffff65 fr.pc=0x00007fabcd35e4a0
Event: 14.758 Thread 0x00007fabdc00c800 DEOPT PACKING pc=0x00007fabcd35e4a0 sp=0x00007fabe59d5320
Event: 14.758 Thread 0x00007fabdc00c800 DEOPT UNPACKING pc=0x00007fabcd005229 sp=0x00007fabe59d52f0 mode 2
Event: 14.979 Executing VM operation: ParallelGCFailedAllocation


Dynamic libraries:
00400000-00401000 r-xp 00000000 08:05 18101889                           /usr/lib/jvm/jdk1.8.0/bin/java
00600000-00601000 rw-p 00000000 08:05 18101889                           /usr/lib/jvm/jdk1.8.0/bin/java
0231a000-0233b000 rw-p 00000000 00:00 0                                  [heap]
c0000000-c5300000 rw-p 00000000 00:00 0 
c5300000-eab00000 ---p 00000000 00:00 0 
eab00000-f3100000 rw-p 00000000 00:00 0 
fd700000-100000000 ---p 00000000 00:00 0 
100000000-1000a0000 rw-p 00000000 00:00 0 
1000a0000-140000000 ---p 00000000 00:00 0 
7fab90000000-7fab90021000 rw-p 00000000 00:00 0 
7fab90021000-7fab94000000 ---p 00000000 00:00 0 
7fab94000000-7fab94021000 rw-p 00000000 00:00 0 
7fab94021000-7fab98000000 ---p 00000000 00:00 0 
7fab98000000-7fab98803000 rw-p 00000000 00:00 0 
7fab98803000-7fab9c000000 ---p 00000000 00:00 0 
7fab9c000000-7fab9c422000 rw-p 00000000 00:00 0 
7fab9c422000-7faba0000000 ---p 00000000 00:00 0 
7faba0000000-7faba0021000 rw-p 00000000 00:00 0 
7faba0021000-7faba4000000 ---p 00000000 00:00 0 
7faba4000000-7faba4b4a000 rw-p 00000000 00:00 0 
7faba4b4a000-7faba8000000 ---p 00000000 00:00 0 
7faba8000000-7faba8021000 rw-p 00000000 00:00 0 
7faba8021000-7fabac000000 ---p 00000000 00:00 0 
7fabac000000-7fabac021000 rw-p 00000000 00:00 0 
7fabac021000-7fabb0000000 ---p 00000000 00:00 0 
7fabb0000000-7fabb0021000 rw-p 00000000 00:00 0 
7fabb0021000-7fabb4000000 ---p 00000000 00:00 0 
7fabb4000000-7fabb428b000 rw-p 00000000 00:00 0 
7fabb428b000-7fabb8000000 ---p 00000000 00:00 0 
7fabb8000000-7fabb8021000 rw-p 00000000 00:00 0 
7fabb8021000-7fabbc000000 ---p 00000000 00:00 0 
7fabc0000000-7fabc0021000 rw-p 00000000 00:00 0 
7fabc0021000-7fabc4000000 ---p 00000000 00:00 0 
7fabc6000000-7fabc8000000 rw-p 00000000 00:00 0 
7fabc8000000-7fabc8021000 rw-p 00000000 00:00 0 
7fabc8021000-7fabcc000000 ---p 00000000 00:00 0 
7fabcc1a2000-7fabcc1a3000 ---p 00000000 00:00 0 
7fabcc1a3000-7fabcc2a3000 rw-p 00000000 00:00 0                          [stack:15921]
7fabcc2a3000-7fabcc2a6000 ---p 00000000 00:00 0 
7fabcc2a6000-7fabcc3a4000 rw-p 00000000 00:00 0                          [stack:15920]
7fabcc3a4000-7fabcc3a7000 ---p 00000000 00:00 0 
7fabcc3a7000-7fabcc4a5000 rw-p 00000000 00:00 0                          [stack:15919]
7fabcc4a5000-7fabcc4a8000 ---p 00000000 00:00 0 
7fabcc4a8000-7fabcc5a6000 rw-p 00000000 00:00 0                          [stack:15918]
7fabcc5a6000-7fabcc5a9000 ---p 00000000 00:00 0 
7fabcc5a9000-7fabcc6a7000 rw-p 00000000 00:00 0                          [stack:15917]
7fabcc6a7000-7fabcc6aa000 ---p 00000000 00:00 0 
7fabcc6aa000-7fabcc7a8000 rw-p 00000000 00:00 0                          [stack:15916]
7fabcc7a8000-7fabcd000000 r--p 00000000 08:05 11671680                   /usr/lib/locale/locale-archive
7fabcd000000-7fabcd3f0000 rwxp 00000000 00:00 0 
7fabcd3f0000-7fabdc000000 ---p 00000000 00:00 0 
7fabdc000000-7fabdc3ed000 rw-p 00000000 00:00 0 
7fabdc3ed000-7fabe0000000 ---p 00000000 00:00 0 
7fabe0027000-7fabe0028000 rw-p 00000000 00:00 0 
7fabe0028000-7fabe002b000 ---p 00000000 00:00 0 
7fabe002b000-7fabe0129000 rw-p 00000000 00:00 0                          [stack:15915]
7fabe0129000-7fabe012c000 ---p 00000000 00:00 0 
7fabe012c000-7fabe022a000 rw-p 00000000 00:00 0                          [stack:15914]
7fabe022a000-7fabe022b000 ---p 00000000 00:00 0 
7fabe022b000-7fabe12ec000 rw-p 00000000 00:00 0                          [stack:15913]
7fabe12ec000-7fabe14c5000 r--s 03d20000 08:05 18390212                   /usr/lib/jvm/jdk1.8.0/jre/lib/rt.jar
7fabe14c5000-7fabe1a3b000 rw-p 00000000 00:00 0 
7fabe1a3b000-7fabe1d3b000 ---p 00000000 00:00 0 
7fabe1d3b000-7fabe1f3b000 rw-p 00000000 00:00 0 
7fabe1f3b000-7fabe1f3c000 ---p 00000000 00:00 0 
7fabe1f3c000-7fabe203c000 rw-p 00000000 00:00 0                          [stack:15912]
7fabe203c000-7fabe203d000 ---p 00000000 00:00 0 
7fabe203d000-7fabe213d000 rw-p 00000000 00:00 0                          [stack:15911]
7fabe213d000-7fabe213e000 ---p 00000000 00:00 0 
7fabe213e000-7fabe223e000 rw-p 00000000 00:00 0                          [stack:15910]
7fabe223e000-7fabe223f000 ---p 00000000 00:00 0 
7fabe223f000-7fabe2369000 rw-p 00000000 00:00 0                          [stack:15909]
7fabe2369000-7fabe2495000 ---p 00000000 00:00 0 
7fabe2495000-7fabe24bf000 rw-p 00000000 00:00 0 
7fabe24bf000-7fabe25ea000 ---p 00000000 00:00 0 
7fabe25ea000-7fabe262e000 rw-p 00000000 00:00 0 
7fabe262e000-7fabe2695000 ---p 00000000 00:00 0 
7fabe2695000-7fabe26a6000 rw-p 00000000 00:00 0 
7fabe26a6000-7fabe2a56000 ---p 00000000 00:00 0 
7fabe2a56000-7fabe2a70000 r-xp 00000000 08:05 18503316                   /usr/lib/jvm/jdk1.8.0/jre/lib/amd64/libzip.so
7fabe2a70000-7fabe2c70000 ---p 0001a000 08:05 18503316                   /usr/lib/jvm/jdk1.8.0/jre/lib/amd64/libzip.so
7fabe2c70000-7fabe2c71000 rw-p 0001a000 08:05 18503316                   /usr/lib/jvm/jdk1.8.0/jre/lib/amd64/libzip.so
7fabe2c71000-7fabe2c7d000 r-xp 00000000 08:05 16650472                   /lib/x86_64-linux-gnu/libnss_files-2.21.so
7fabe2c7d000-7fabe2e7c000 ---p 0000c000 08:05 16650472                   /lib/x86_64-linux-gnu/libnss_files-2.21.so
7fabe2e7c000-7fabe2e7d000 r--p 0000b000 08:05 16650472                   /lib/x86_64-linux-gnu/libnss_files-2.21.so
7fabe2e7d000-7fabe2e7e000 rw-p 0000c000 08:05 16650472                   /lib/x86_64-linux-gnu/libnss_files-2.21.so
7fabe2e7e000-7fabe2e89000 r-xp 00000000 08:05 16650482                   /lib/x86_64-linux-gnu/libnss_nis-2.21.so
7fabe2e89000-7fabe3088000 ---p 0000b000 08:05 16650482                   /lib/x86_64-linux-gnu/libnss_nis-2.21.so
7fabe3088000-7fabe3089000 r--p 0000a000 08:05 16650482                   /lib/x86_64-linux-gnu/libnss_nis-2.21.so
7fabe3089000-7fabe308a000 rw-p 0000b000 08:05 16650482                   /lib/x86_64-linux-gnu/libnss_nis-2.21.so
7fabe308a000-7fabe30a1000 r-xp 00000000 08:05 16650466                   /lib/x86_64-linux-gnu/libnsl-2.21.so
7fabe30a1000-7fabe32a0000 ---p 00017000 08:05 16650466                   /lib/x86_64-linux-gnu/libnsl-2.21.so
7fabe32a0000-7fabe32a1000 r--p 00016000 08:05 16650466                   /lib/x86_64-linux-gnu/libnsl-2.21.so
7fabe32a1000-7fabe32a2000 rw-p 00017000 08:05 16650466                   /lib/x86_64-linux-gnu/libnsl-2.21.so
7fabe32a2000-7fabe32a4000 rw-p 00000000 00:00 0 
7fabe32a4000-7fabe32ac000 r-xp 00000000 08:05 16650468                   /lib/x86_64-linux-gnu/libnss_compat-2.21.so
7fabe32ac000-7fabe34ab000 ---p 00008000 08:05 16650468                   /lib/x86_64-linux-gnu/libnss_compat-2.21.so
7fabe34ab000-7fabe34ac000 r--p 00007000 08:05 16650468                   /lib/x86_64-linux-gnu/libnss_compat-2.21.so
7fabe34ac000-7fabe34ad000 rw-p 00008000 08:05 16650468                   /lib/x86_64-linux-gnu/libnss_compat-2.21.so
7fabe34ad000-7fabe34d7000 r-xp 00000000 08:05 18503311                   /usr/lib/jvm/jdk1.8.0/jre/lib/amd64/libjava.so
7fabe34d7000-7fabe36d7000 ---p 0002a000 08:05 18503311                   /usr/lib/jvm/jdk1.8.0/jre/lib/amd64/libjava.so
7fabe36d7000-7fabe36d9000 rw-p 0002a000 08:05 18503311                   /usr/lib/jvm/jdk1.8.0/jre/lib/amd64/libjava.so
7fabe36d9000-7fabe36e6000 r-xp 00000000 08:05 18503315                   /usr/lib/jvm/jdk1.8.0/jre/lib/amd64/libverify.so
7fabe36e6000-7fabe38e6000 ---p 0000d000 08:05 18503315                   /usr/lib/jvm/jdk1.8.0/jre/lib/amd64/libverify.so
7fabe38e6000-7fabe38e8000 rw-p 0000d000 08:05 18503315                   /usr/lib/jvm/jdk1.8.0/jre/lib/amd64/libverify.so
7fabe38e8000-7fabe38ef000 r-xp 00000000 08:05 16650527                   /lib/x86_64-linux-gnu/librt-2.21.so
7fabe38ef000-7fabe3aee000 ---p 00007000 08:05 16650527                   /lib/x86_64-linux-gnu/librt-2.21.so
7fabe3aee000-7fabe3aef000 r--p 00006000 08:05 16650527                   /lib/x86_64-linux-gnu/librt-2.21.so
7fabe3aef000-7fabe3af0000 rw-p 00007000 08:05 16650527                   /lib/x86_64-linux-gnu/librt-2.21.so
7fabe3af0000-7fabe3bf7000 r-xp 00000000 08:05 16650445                   /lib/x86_64-linux-gnu/libm-2.21.so
7fabe3bf7000-7fabe3df6000 ---p 00107000 08:05 16650445                   /lib/x86_64-linux-gnu/libm-2.21.so
7fabe3df6000-7fabe3df7000 r--p 00106000 08:05 16650445                   /lib/x86_64-linux-gnu/libm-2.21.so
7fabe3df7000-7fabe3df8000 rw-p 00107000 08:05 16650445                   /lib/x86_64-linux-gnu/libm-2.21.so
7fabe3df8000-7fabe4ab6000 r-xp 00000000 08:05 18503294                   /usr/lib/jvm/jdk1.8.0/jre/lib/amd64/server/libjvm.so
7fabe4ab6000-7fabe4cb5000 ---p 00cbe000 08:05 18503294                   /usr/lib/jvm/jdk1.8.0/jre/lib/amd64/server/libjvm.so
7fabe4cb5000-7fabe4d8e000 rw-p 00cbd000 08:05 18503294                   /usr/lib/jvm/jdk1.8.0/jre/lib/amd64/server/libjvm.so
7fabe4d8e000-7fabe4dd2000 rw-p 00000000 00:00 0 
7fabe4dd2000-7fabe4f92000 r-xp 00000000 08:05 16650389                   /lib/x86_64-linux-gnu/libc-2.21.so
7fabe4f92000-7fabe5192000 ---p 001c0000 08:05 16650389                   /lib/x86_64-linux-gnu/libc-2.21.so
7fabe5192000-7fabe5196000 r--p 001c0000 08:05 16650389                   /lib/x86_64-linux-gnu/libc-2.21.so
7fabe5196000-7fabe5198000 rw-p 001c4000 08:05 16650389                   /lib/x86_64-linux-gnu/libc-2.21.so
7fabe5198000-7fabe519c000 rw-p 00000000 00:00 0 
7fabe519c000-7fabe519f000 r-xp 00000000 08:05 16650404                   /lib/x86_64-linux-gnu/libdl-2.21.so
7fabe519f000-7fabe539e000 ---p 00003000 08:05 16650404                   /lib/x86_64-linux-gnu/libdl-2.21.so
7fabe539e000-7fabe539f000 r--p 00002000 08:05 16650404                   /lib/x86_64-linux-gnu/libdl-2.21.so
7fabe539f000-7fabe53a0000 rw-p 00003000 08:05 16650404                   /lib/x86_64-linux-gnu/libdl-2.21.so
7fabe53a0000-7fabe53b5000 r-xp 00000000 08:05 18390058                   /usr/lib/jvm/jdk1.8.0/lib/amd64/jli/libjli.so
7fabe53b5000-7fabe55b5000 ---p 00015000 08:05 18390058                   /usr/lib/jvm/jdk1.8.0/lib/amd64/jli/libjli.so
7fabe55b5000-7fabe55b6000 rw-p 00015000 08:05 18390058                   /usr/lib/jvm/jdk1.8.0/lib/amd64/jli/libjli.so
7fabe55b6000-7fabe55ce000 r-xp 00000000 08:05 16650519                   /lib/x86_64-linux-gnu/libpthread-2.21.so
7fabe55ce000-7fabe57ce000 ---p 00018000 08:05 16650519                   /lib/x86_64-linux-gnu/libpthread-2.21.so
7fabe57ce000-7fabe57cf000 r--p 00018000 08:05 16650519                   /lib/x86_64-linux-gnu/libpthread-2.21.so
7fabe57cf000-7fabe57d0000 rw-p 00019000 08:05 16650519                   /lib/x86_64-linux-gnu/libpthread-2.21.so
7fabe57d0000-7fabe57d4000 rw-p 00000000 00:00 0 
7fabe57d4000-7fabe57f8000 r-xp 00000000 08:05 16650361                   /lib/x86_64-linux-gnu/ld-2.21.so
7fabe57f8000-7fabe57fd000 r--s 00096000 08:05 18390262                   /usr/lib/jvm/jdk1.8.0/jre/lib/jsse.jar
7fabe57fd000-7fabe58d6000 rw-p 00000000 00:00 0 
7fabe58d6000-7fabe58d9000 ---p 00000000 00:00 0 
7fabe58d9000-7fabe59db000 rw-p 00000000 00:00 0                          [stack:15908]
7fabe59db000-7fabe59dc000 r--p 00000000 08:05 13247038                   /usr/share/locale-langpack/en_GB/LC_MESSAGES/libc.mo
7fabe59dc000-7fabe59eb000 r--s 000df000 08:05 1715644                    /home/amr/Android/Sdk/build-tools/23.0.2/lib/dx.jar
7fabe59eb000-7fabe59f3000 rw-s 00000000 08:05 14028521                   /tmp/hsperfdata_amr/15903
7fabe59f3000-7fabe59f4000 rw-p 00000000 00:00 0 
7fabe59f4000-7fabe59f5000 ---p 00000000 00:00 0 
7fabe59f5000-7fabe59f7000 rw-p 00000000 00:00 0 
7fabe59f7000-7fabe59f8000 r--p 00023000 08:05 16650361                   /lib/x86_64-linux-gnu/ld-2.21.so
7fabe59f8000-7fabe59f9000 rw-p 00024000 08:05 16650361                   /lib/x86_64-linux-gnu/ld-2.21.so
7fabe59f9000-7fabe59fa000 rw-p 00000000 00:00 0 
7ffe5c042000-7ffe5c064000 rw-p 00000000 00:00 0                          [stack]
7ffe5c13f000-7ffe5c141000 r--p 00000000 00:00 0                          [vvar]
7ffe5c141000-7ffe5c143000 r-xp 00000000 00:00 0                          [vdso]
ffffffffff600000-ffffffffff601000 r-xp 00000000 00:00 0                  [vsyscall]

VM Arguments:
jvm_args: -Djava.awt.headless=true -Xmx1024M -Dfile.encoding=UTF-8 -Duser.country=GB -Duser.language=en -Duser.variant 
java_command: com.android.dx.command.Main --dex --num-threads=4 --output /home/amr/StudioProjects/CovUniNavigator/app/build/intermediates/transforms/dex/debug/folders/1000/1f/main /home/amr/StudioProjects/CovUniNavigator/app/build/intermediates/pre-dexed/debug/support-annotations-23.1.1_2053dbe67c84a5f27edb9c305e8fd178595eb968.jar /home/amr/StudioProjects/CovUniNavigator/app/build/intermediates/pre-dexed/debug/com.google.android.gms-play-services-panorama-8.4.0_51b280a1912b886ae5c589de4aed8d77f091b0f0.jar /home/amr/StudioProjects/CovUniNavigator/app/build/intermediates/pre-dexed/debug/internal_impl-23.0.0_01e968200837ef08e8f094df2841e9221296b7de.jar /home/amr/StudioProjects/CovUniNavigator/app/build/intermediates/pre-dexed/debug/com.google.android.gms-play-services-safetynet-8.4.0_c2a46fd9caeef832123105c8f0de4d4993c4f88b.jar /home/amr/StudioProjects/CovUniNavigator/app/build/intermediates/pre-dexed/debug/com.google.android.gms-play-services-identity-8.4.0_7fe9032891df10417d34df5872bd5296e6c95584.jar /home/amr/StudioProjects/CovUniNavigator/app/build/intermediates/pre-dexed/debug/com.google.android.gms-play-services-appinvite-8.4.0_f0a049dbab369cb47c722c441660b523415f4dde.jar /home/amr/StudioProjects/CovUniNavigator/app/build/intermediates/pre-dexed/debug/com.google.android.gms-play-services-appindexing-8.4.0_48434a9c53851c02e41f7375a87fd82856732892.jar /home/amr/StudioProjects/CovUniNavigator/app/build/intermediates/pre-dexed/debug/com.google.android.gms-play-services-gcm-8.4.0_8a85228443732c7023f29ab7f46af2f77b1f88af.jar /home/amr/StudioProjects/CovUniNavigator/app/build/intermediates/pre-dexed/debug/com.google.android.gms-play-services-vision-8.4.0_72398dfd60f59166e6a1dac6958c2cf8dc9dae76.jar /home/amr/StudioProjects/CovUniNavigator/app/build/intermediates/pre-dexed/debug/com.google.android.gms-play-services-base-8.4.0_2be0a44dff86955c9e76731d34b4990157d262b6.jar /home/amr/StudioProjects/CovUniNavigator/app/build/intermediates/pre-dexed/debug/com.google.android.
java_class_path (initial): /home/amr/Android/Sdk/build-tools/23.0.2/lib/dx.jar
Launcher Type: SUN_STANDARD

Environment Variables:
JAVA_HOME=/usr/lib/jvm/java-8-oracle
PATH=/usr/lib/jvm/java-8-openjdk-amd64/bin:/usr/local/sbin:/usr/local/bin:/usr/sbin:/usr/bin:/sbin:/bin:/usr/games:/usr/local/games:/usr/lib/jvm/java-8-oracle/bin:/usr/lib/jvm/java-8-oracle/db/bin:/usr/lib/jvm/java-8-oracle/jre/bin
LD_LIBRARY_PATH=/home/amr/tools/android/android-studio/bin:
SHELL=/bin/bash
DISPLAY=:0.0

Signal Handlers:
SIGSEGV: [libjvm.so+0xaba2a0], sa_mask[0]=11111111011111111101111111111110, sa_flags=SA_RESTART|SA_SIGINFO
SIGBUS: [libjvm.so+0xaba2a0], sa_mask[0]=11111111011111111101111111111110, sa_flags=SA_RESTART|SA_SIGINFO
SIGFPE: [libjvm.so+0x917710], sa_mask[0]=11111111011111111101111111111110, sa_flags=SA_RESTART|SA_SIGINFO
SIGPIPE: [libjvm.so+0x917710], sa_mask[0]=11111111011111111101111111111110, sa_flags=SA_RESTART|SA_SIGINFO
SIGXFSZ: [libjvm.so+0x917710], sa_mask[0]=11111111011111111101111111111110, sa_flags=SA_RESTART|SA_SIGINFO
SIGILL: [libjvm.so+0x917710], sa_mask[0]=11111111011111111101111111111110, sa_flags=SA_RESTART|SA_SIGINFO
SIGUSR1: SIG_DFL, sa_mask[0]=00000000000000000000000000000000, sa_flags=none
SIGUSR2: [libjvm.so+0x918d40], sa_mask[0]=00100000000000000000000000000000, sa_flags=SA_RESTART|SA_SIGINFO
SIGHUP: [libjvm.so+0x91a140], sa_mask[0]=11111111011111111101111111111110, sa_flags=SA_RESTART|SA_SIGINFO
SIGINT: [libjvm.so+0x91a140], sa_mask[0]=11111111011111111101111111111110, sa_flags=SA_RESTART|SA_SIGINFO
SIGTERM: [libjvm.so+0x91a140], sa_mask[0]=11111111011111111101111111111110, sa_flags=SA_RESTART|SA_SIGINFO
SIGQUIT: [libjvm.so+0x91a140], sa_mask[0]=11111111011111111101111111111110, sa_flags=SA_RESTART|SA_SIGINFO


---------------  S Y S T E M  ---------------

OS:DISTRIB_ID=Ubuntu
DISTRIB_RELEASE=15.04
DISTRIB_CODENAME=vivid
DISTRIB_DESCRIPTION="Ubuntu 15.04"

uname:Linux 3.19.0-39-generic #44-Ubuntu SMP Tue Dec 1 14:39:05 UTC 2015 x86_64
libc:glibc 2.21 NPTL 2.21 
rlimit: STACK 8192k, CORE 0k, NPROC 31279, NOFILE 65536, AS infinity
load average:5.00 2.19 1.38

/proc/meminfo:
MemTotal:        8087844 kB
MemFree:          144576 kB
MemAvailable:     117828 kB
Buffers:            2128 kB
Cached:          1100500 kB
SwapCached:            0 kB
Active:          6802732 kB
Inactive:         894892 kB
Active(anon):    6772932 kB
Inactive(anon):   863756 kB
Active(file):      29800 kB
Inactive(file):    31136 kB
Unevictable:       16736 kB
Mlocked:           16736 kB
SwapTotal:             0 kB
SwapFree:              0 kB
Dirty:                16 kB
Writeback:           136 kB
AnonPages:       6612616 kB
Mapped:           520636 kB
Shmem:           1040720 kB
Slab:              97096 kB
SReclaimable:      54508 kB
SUnreclaim:        42588 kB
KernelStack:       13216 kB
PageTables:        54356 kB
NFS_Unstable:          0 kB
Bounce:                0 kB
WritebackTmp:          0 kB
CommitLimit:     4043920 kB
Committed_AS:   14988772 kB
VmallocTotal:   34359738367 kB
VmallocUsed:      565540 kB
VmallocChunk:   34359112060 kB
HardwareCorrupted:     0 kB
AnonHugePages:   3379200 kB
CmaTotal:              0 kB
CmaFree:               0 kB
HugePages_Total:       0
HugePages_Free:        0
HugePages_Rsvd:        0
HugePages_Surp:        0
Hugepagesize:       2048 kB
DirectMap4k:      213632 kB
DirectMap2M:     5990400 kB
DirectMap1G:     2097152 kB


CPU:total 4 (2 cores per cpu, 2 threads per core) family 6 model 61 stepping 4, cmov, cx8, fxsr, mmx, sse, sse2, sse3, ssse3, sse4.1, sse4.2, popcnt, avx, avx2, aes, clmul, erms, 3dnowpref, lzcnt, ht, tsc, tscinvbit, bmi1, bmi2, adx

/proc/cpuinfo:
processor	: 0
vendor_id	: GenuineIntel
cpu family	: 6
model		: 61
model name	: Intel(R) Core(TM) i5-5200U CPU @ 2.20GHz
stepping	: 4
microcode	: 0x1d
cpu MHz		: 2099.968
cache size	: 3072 KB
physical id	: 0
siblings	: 4
core id		: 0
cpu cores	: 2
apicid		: 0
initial apicid	: 0
fpu		: yes
fpu_exception	: yes
cpuid level	: 20
wp		: yes
flags		: fpu vme de pse tsc msr pae mce cx8 apic sep mtrr pge mca cmov pat pse36 clflush dts acpi mmx fxsr sse sse2 ss ht tm pbe syscall nx pdpe1gb rdtscp lm constant_tsc arch_perfmon pebs bts rep_good nopl xtopology nonstop_tsc aperfmperf eagerfpu pni pclmulqdq dtes64 monitor ds_cpl vmx est tm2 ssse3 fma cx16 xtpr pdcm pcid sse4_1 sse4_2 x2apic movbe popcnt tsc_deadline_timer aes xsave avx f16c rdrand lahf_lm abm 3dnowprefetch ida arat epb pln pts dtherm tpr_shadow vnmi flexpriority ept vpid fsgsbase tsc_adjust bmi1 avx2 smep bmi2 erms invpcid rdseed adx smap xsaveopt
bugs		:
bogomips	: 4389.36
clflush size	: 64
cache_alignment	: 64
address sizes	: 39 bits physical, 48 bits virtual
power management:

processor	: 1
vendor_id	: GenuineIntel
cpu family	: 6
model		: 61
model name	: Intel(R) Core(TM) i5-5200U CPU @ 2.20GHz
stepping	: 4
microcode	: 0x1d
cpu MHz		: 2099.968
cache size	: 3072 KB
physical id	: 0
siblings	: 4
core id		: 1
cpu cores	: 2
apicid		: 2
initial apicid	: 2
fpu		: yes
fpu_exception	: yes
cpuid level	: 20
wp		: yes
flags		: fpu vme de pse tsc msr pae mce cx8 apic sep mtrr pge mca cmov pat pse36 clflush dts acpi mmx fxsr sse sse2 ss ht tm pbe syscall nx pdpe1gb rdtscp lm constant_tsc arch_perfmon pebs bts rep_good nopl xtopology nonstop_tsc aperfmperf eagerfpu pni pclmulqdq dtes64 monitor ds_cpl vmx est tm2 ssse3 fma cx16 xtpr pdcm pcid sse4_1 sse4_2 x2apic movbe popcnt tsc_deadline_timer aes xsave avx f16c rdrand lahf_lm abm 3dnowprefetch ida arat epb pln pts dtherm tpr_shadow vnmi flexpriority ept vpid fsgsbase tsc_adjust bmi1 avx2 smep bmi2 erms invpcid rdseed adx smap xsaveopt
bugs		:
bogomips	: 4389.36
clflush size	: 64
cache_alignment	: 64
address sizes	: 39 bits physical, 48 bits virtual
power management:

processor	: 2
vendor_id	: GenuineIntel
cpu family	: 6
model		: 61
model name	: Intel(R) Core(TM) i5-5200U CPU @ 2.20GHz
stepping	: 4
microcode	: 0x1d
cpu MHz		: 2099.968
cache size	: 3072 KB
physical id	: 0
siblings	: 4
core id		: 0
cpu cores	: 2
apicid		: 1
initial apicid	: 1
fpu		: yes
fpu_exception	: yes
cpuid level	: 20
wp		: yes
flags		: fpu vme de pse tsc msr pae mce cx8 apic sep mtrr pge mca cmov pat pse36 clflush dts acpi mmx fxsr sse sse2 ss ht tm pbe syscall nx pdpe1gb rdtscp lm constant_tsc arch_perfmon pebs bts rep_good nopl xtopology nonstop_tsc aperfmperf eagerfpu pni pclmulqdq dtes64 monitor ds_cpl vmx est tm2 ssse3 fma cx16 xtpr pdcm pcid sse4_1 sse4_2 x2apic movbe popcnt tsc_deadline_timer aes xsave avx f16c rdrand lahf_lm abm 3dnowprefetch ida arat epb pln pts dtherm tpr_shadow vnmi flexpriority ept vpid fsgsbase tsc_adjust bmi1 avx2 smep bmi2 erms invpcid rdseed adx smap xsaveopt
bugs		:
bogomips	: 4389.36
clflush size	: 64
cache_alignment	: 64
address sizes	: 39 bits physical, 48 bits virtual
power management:

processor	: 3
vendor_id	: GenuineIntel
cpu family	: 6
model		: 61
model name	: Intel(R) Core(TM) i5-5200U CPU @ 2.20GHz
stepping	: 4
microcode	: 0x1d
cpu MHz		: 2099.968
cache size	: 3072 KB
physical id	: 0
siblings	: 4
core id		: 1
cpu cores	: 2
apicid		: 3
initial apicid	: 3
fpu		: yes
fpu_exception	: yes
cpuid level	: 20
wp		: yes
flags		: fpu vme de pse tsc msr pae mce cx8 apic sep mtrr pge mca cmov pat pse36 clflush dts acpi mmx fxsr sse sse2 ss ht tm pbe syscall nx pdpe1gb rdtscp lm constant_tsc arch_perfmon pebs bts rep_good nopl xtopology nonstop_tsc aperfmperf eagerfpu pni pclmulqdq dtes64 monitor ds_cpl vmx est tm2 ssse3 fma cx16 xtpr pdcm pcid sse4_1 sse4_2 x2apic movbe popcnt tsc_deadline_timer aes xsave avx f16c rdrand lahf_lm abm 3dnowprefetch ida arat epb pln pts dtherm tpr_shadow vnmi flexpriority ept vpid fsgsbase tsc_adjust bmi1 avx2 smep bmi2 erms invpcid rdseed adx smap xsaveopt
bugs		:
bogomips	: 4389.36
clflush size	: 64
cache_alignment	: 64
address sizes	: 39 bits physical, 48 bits virtual
power management:



Memory: 4k page, physical 8087844k(144328k free), swap 0k(0k free)

vm_info: Java HotSpot(TM) 64-Bit Server VM (25.66-b17) for linux-amd64 JRE (1.8.0_66-b17), built on Oct  6 2015 17:28:34 by "java_re" with gcc 4.3.0 20080428 (Red Hat 4.3.0-8)

time: Fri Jan 15 20:29:05 2016
elapsed time: 16 seconds (0d 0h 0m 16s)

