#
# There is insufficient memory for the Java Runtime Environment to continue.
# Native memory allocation (mmap) failed to map 177209344 bytes for committing reserved memory.
# Possible reasons:
#   The system is out of physical RAM or swap space
#   In 32 bit mode, the process size limit was hit
# Possible solutions:
#   Reduce memory load on the system
#   Increase physical memory or swap space
#   Check if swap backing store is full
#   Use 64 bit Java on a 64 bit OS
#   Decrease Java heap size (-Xmx/-Xms)
#   Decrease number of Java threads
#   Decrease Java thread stack sizes (-Xss)
#   Set larger code cache with -XX:ReservedCodeCacheSize=
# This output file may be truncated or incomplete.
#
#  Out of Memory Error (os_linux.cpp:2627), pid=6530, tid=140702523582208
#
# JRE version: Java(TM) SE Runtime Environment (8.0_66-b17) (build 1.8.0_66-b17)
# Java VM: Java HotSpot(TM) 64-Bit Server VM (25.66-b17 mixed mode linux-amd64 compressed oops)
# Failed to write core dump. Core dumps have been disabled. To enable core dumping, try "ulimit -c unlimited" before starting Java again
#

---------------  T H R E A D  ---------------

Current thread (0x00007ff7f407a800):  VMThread [stack: 0x00007ff7dbdfe000,0x00007ff7dbeff000] [id=6540]

Stack: [0x00007ff7dbdfe000,0x00007ff7dbeff000],  sp=0x00007ff7dbefd020,  free space=1020k
Native frames: (J=compiled Java code, j=interpreted, Vv=VM code, C=native code)
V  [libjvm.so+0xab9a1a]  VMError::report_and_die()+0x2ba
V  [libjvm.so+0x4f9e0b]  report_vm_out_of_memory(char const*, int, unsigned long, VMErrorType, char const*)+0x8b
V  [libjvm.so+0x91a8a3]  os::Linux::commit_memory_impl(char*, unsigned long, bool)+0x103
V  [libjvm.so+0x91adf9]  os::pd_commit_memory(char*, unsigned long, unsigned long, bool)+0x29
V  [libjvm.so+0x91510a]  os::commit_memory(char*, unsigned long, unsigned long, bool)+0x2a
V  [libjvm.so+0x9887a3]  PSVirtualSpace::expand_by(unsigned long)+0x53
V  [libjvm.so+0x989ba8]  PSYoungGen::resize_generation(unsigned long, unsigned long)+0xf8
V  [libjvm.so+0x988d02]  PSYoungGen::resize(unsigned long, unsigned long)+0x22
V  [libjvm.so+0x985fdb]  PSScavenge::invoke_no_policy()+0xf3b
V  [libjvm.so+0x986761]  PSScavenge::invoke()+0x41
V  [libjvm.so+0x93e500]  ParallelScavengeHeap::failed_mem_allocate(unsigned long)+0x70
V  [libjvm.so+0xabb437]  VM_ParallelGCFailedAllocation::doit()+0x97
V  [libjvm.so+0xac2e65]  VM_Operation::evaluate()+0x55
V  [libjvm.so+0xac123a]  VMThread::evaluate_operation(VM_Operation*)+0xba
V  [libjvm.so+0xac15be]  VMThread::loop()+0x1ce
V  [libjvm.so+0xac1a30]  VMThread::run()+0x70
V  [libjvm.so+0x91cc68]  java_start(Thread*)+0x108

VM_Operation (0x00007ff7fa5e4130): ParallelGCFailedAllocation, mode: safepoint, requested by thread 0x00007ff7f400c800


---------------  P R O C E S S  ---------------

Java Threads: ( => current thread )
  0x00007ff7f40ce000 JavaThread "Service Thread" daemon [_thread_blocked, id=6547, stack(0x00007ff7dae9f000,0x00007ff7dafa0000)]
  0x00007ff7f40c0800 JavaThread "C1 CompilerThread2" daemon [_thread_blocked, id=6546, stack(0x00007ff7dafa0000,0x00007ff7db0a1000)]
  0x00007ff7f40bf000 JavaThread "C2 CompilerThread1" daemon [_thread_blocked, id=6545, stack(0x00007ff7db0a1000,0x00007ff7db1a2000)]
  0x00007ff7f40bc000 JavaThread "C2 CompilerThread0" daemon [_thread_in_native, id=6544, stack(0x00007ff7db1a2000,0x00007ff7db2a3000)]
  0x00007ff7f40ba800 JavaThread "Signal Dispatcher" daemon [_thread_blocked, id=6543, stack(0x00007ff7db2a3000,0x00007ff7db3a4000)]
  0x00007ff7f4082000 JavaThread "Finalizer" daemon [_thread_blocked, id=6542, stack(0x00007ff7dbbfc000,0x00007ff7dbcfd000)]
  0x00007ff7f4080000 JavaThread "Reference Handler" daemon [_thread_blocked, id=6541, stack(0x00007ff7dbcfd000,0x00007ff7dbdfe000)]
  0x00007ff7f400c800 JavaThread "main" [_thread_blocked, id=6535, stack(0x00007ff7fa4e5000,0x00007ff7fa5e6000)]

Other Threads:
=>0x00007ff7f407a800 VMThread [stack: 0x00007ff7dbdfe000,0x00007ff7dbeff000] [id=6540]
  0x00007ff7f40d1000 WatcherThread [stack: 0x00007ff7dad9e000,0x00007ff7dae9f000] [id=6548]

VM state:at safepoint (normal execution)

VM Mutex/Monitor currently owned by a thread:  ([mutex/lock_event])
[0x00007ff7f4008df0] Threads_lock - owner thread: 0x00007ff7f407a800
[0x00007ff7f40092f0] Heap_lock - owner thread: 0x00007ff7f400c800

Heap:
 PSYoungGen      total 132096K, used 5111K [0x00000000eab00000, 0x00000000f3100000, 0x0000000100000000)
  eden space 126976K, 0% used [0x00000000eab00000,0x00000000eab00000,0x00000000f2700000)
  from space 5120K, 99% used [0x00000000f2700000,0x00000000f2bfdf30,0x00000000f2c00000)
  to   space 5120K, 0% used [0x00000000f2c00000,0x00000000f2c00000,0x00000000f3100000)
 ParOldGen       total 84992K, used 38114K [0x00000000c0000000, 0x00000000c5300000, 0x00000000eab00000)
  object space 84992K, 44% used [0x00000000c0000000,0x00000000c2538a20,0x00000000c5300000)
 Metaspace       used 4737K, capacity 5464K, committed 5760K, reserved 1056768K
  class space    used 495K, capacity 528K, committed 640K, reserved 1048576K

Card table byte_map: [0x00007ff7e3fe8000,0x00007ff7e41e9000] byte_map_base: 0x00007ff7e39e8000

Marking Bits: (ParMarkBitMap*) 0x00007ff7f99b5020
 Begin Bits: [0x00007ff7e1a8e000, 0x00007ff7e2a8e000)
 End Bits:   [0x00007ff7e2a8e000, 0x00007ff7e3a8e000)

Polling page: 0x00007ff7fa602000

CodeCache: size=245760Kb used=3611Kb max_used=3630Kb free=242148Kb
 bounds [0x00007ff7e45a9000, 0x00007ff7e4939000, 0x00007ff7f35a9000]
 total_blobs=1336 nmethods=1062 adapters=188
 compilation: enabled

Compilation events (10 events):
Event: 1.593 Thread 0x00007ff7f40c0800 1092       2       com.android.dx.merge.IndexMap::adjustEncodedArray (44 bytes)
Event: 1.594 Thread 0x00007ff7f40c0800 nmethod 1092 0x00007ff7e4903f50 code [0x00007ff7e4904100, 0x00007ff7e49046c8]
Event: 1.602 Thread 0x00007ff7f40c0800 1097 %     3       com.android.dx.merge.DexMerger::getSortedTypes @ 59 (147 bytes)
Event: 1.604 Thread 0x00007ff7f40c0800 nmethod 1097% 0x00007ff7e492a090 code [0x00007ff7e492a300, 0x00007ff7e492b2f8]
Event: 1.604 Thread 0x00007ff7f40c0800 1098       3       java.util.TimSort::binarySort (223 bytes)
Event: 1.607 Thread 0x00007ff7f40c0800 nmethod 1098 0x00007ff7e492bc10 code [0x00007ff7e492be00, 0x00007ff7e492c7d8]
Event: 1.648 Thread 0x00007ff7f40bf000 nmethod 1072 0x00007ff7e4932350 code [0x00007ff7e4932720, 0x00007ff7e49350d0]
Event: 1.648 Thread 0x00007ff7f40bf000 1096       4       com.android.dex.EncodedValueCodec::writeSignedIntegralValue (63 bytes)
Event: 1.661 Thread 0x00007ff7f40bf000 nmethod 1096 0x00007ff7e492e2d0 code [0x00007ff7e492e440, 0x00007ff7e492eb98]
Event: 1.662 Thread 0x00007ff7f40bf000 1100       4       com.android.dx.merge.DexMerger::transformMethods (126 bytes)

GC Heap History (9 events):
Event: 0.243 GC heap before
{Heap before GC invocations=1 (full 0):
 PSYoungGen      total 36864K, used 31730K [0x00000000eab00000, 0x00000000ed400000, 0x0000000100000000)
  eden space 31744K, 99% used [0x00000000eab00000,0x00000000ec9fc8b0,0x00000000eca00000)
  from space 5120K, 0% used [0x00000000ecf00000,0x00000000ecf00000,0x00000000ed400000)
  to   space 5120K, 0% used [0x00000000eca00000,0x00000000eca00000,0x00000000ecf00000)
 ParOldGen       total 84992K, used 0K [0x00000000c0000000, 0x00000000c5300000, 0x00000000eab00000)
  object space 84992K, 0% used [0x00000000c0000000,0x00000000c0000000,0x00000000c5300000)
 Metaspace       used 3519K, capacity 4720K, committed 4864K, reserved 1056768K
  class space    used 374K, capacity 424K, committed 512K, reserved 1048576K
Event: 0.254 GC heap after
Heap after GC invocations=1 (full 0):
 PSYoungGen      total 36864K, used 5107K [0x00000000eab00000, 0x00000000ef300000, 0x0000000100000000)
  eden space 31744K, 0% used [0x00000000eab00000,0x00000000eab00000,0x00000000eca00000)
  from space 5120K, 99% used [0x00000000eca00000,0x00000000ecefced8,0x00000000ecf00000)
  to   space 5120K, 0% used [0x00000000eee00000,0x00000000eee00000,0x00000000ef300000)
 ParOldGen       total 84992K, used 3390K [0x00000000c0000000, 0x00000000c5300000, 0x00000000eab00000)
  object space 84992K, 3% used [0x00000000c0000000,0x00000000c034fb48,0x00000000c5300000)
 Metaspace       used 3519K, capacity 4720K, committed 4864K, reserved 1056768K
  class space    used 374K, capacity 424K, committed 512K, reserved 1048576K
}
Event: 0.387 GC heap before
{Heap before GC invocations=2 (full 0):
 PSYoungGen      total 36864K, used 36851K [0x00000000eab00000, 0x00000000ef300000, 0x0000000100000000)
  eden space 31744K, 100% used [0x00000000eab00000,0x00000000eca00000,0x00000000eca00000)
  from space 5120K, 99% used [0x00000000eca00000,0x00000000ecefced8,0x00000000ecf00000)
  to   space 5120K, 0% used [0x00000000eee00000,0x00000000eee00000,0x00000000ef300000)
 ParOldGen       total 84992K, used 3390K [0x00000000c0000000, 0x00000000c5300000, 0x00000000eab00000)
  object space 84992K, 3% used [0x00000000c0000000,0x00000000c034fb48,0x00000000c5300000)
 Metaspace       used 3810K, capacity 4944K, committed 5120K, reserved 1056768K
  class space    used 404K, capacity 456K, committed 512K, reserved 1048576K
Event: 0.415 GC heap after
Heap after GC invocations=2 (full 0):
 PSYoungGen      total 68608K, used 5117K [0x00000000eab00000, 0x00000000ef300000, 0x0000000100000000)
  eden space 63488K, 0% used [0x00000000eab00000,0x00000000eab00000,0x00000000ee900000)
  from space 5120K, 99% used [0x00000000eee00000,0x00000000ef2ff5c8,0x00000000ef300000)
  to   space 5120K, 0% used [0x00000000ee900000,0x00000000ee900000,0x00000000eee00000)
 ParOldGen       total 84992K, used 24442K [0x00000000c0000000, 0x00000000c5300000, 0x00000000eab00000)
  object space 84992K, 28% used [0x00000000c0000000,0x00000000c17de920,0x00000000c5300000)
 Metaspace       used 3810K, capacity 4944K, committed 5120K, reserved 1056768K
  class space    used 404K, capacity 456K, committed 512K, reserved 1048576K
}
Event: 0.931 GC heap before
{Heap before GC invocations=3 (full 0):
 PSYoungGen      total 68608K, used 68605K [0x00000000eab00000, 0x00000000ef300000, 0x0000000100000000)
  eden space 63488K, 100% used [0x00000000eab00000,0x00000000ee900000,0x00000000ee900000)
  from space 5120K, 99% used [0x00000000eee00000,0x00000000ef2ff5c8,0x00000000ef300000)
  to   space 5120K, 0% used [0x00000000ee900000,0x00000000ee900000,0x00000000eee00000)
 ParOldGen       total 84992K, used 24442K [0x00000000c0000000, 0x00000000c5300000, 0x00000000eab00000)
  object space 84992K, 28% used [0x00000000c0000000,0x00000000c17de920,0x00000000c5300000)
 Metaspace       used 4393K, capacity 5424K, committed 5632K, reserved 1056768K
  class space    used 458K, capacity 488K, committed 512K, reserved 1048576K
Event: 0.950 GC heap after
Heap after GC invocations=3 (full 0):
 PSYoungGen      total 68608K, used 5103K [0x00000000eab00000, 0x00000000f3100000, 0x0000000100000000)
  eden space 63488K, 0% used [0x00000000eab00000,0x00000000eab00000,0x00000000ee900000)
  from space 5120K, 99% used [0x00000000ee900000,0x00000000eedfbe18,0x00000000eee00000)
  to   space 5120K, 0% used [0x00000000f2c00000,0x00000000f2c00000,0x00000000f3100000)
 ParOldGen       total 84992K, used 27068K [0x00000000c0000000, 0x00000000c5300000, 0x00000000eab00000)
  object space 84992K, 31% used [0x00000000c0000000,0x00000000c1a6f138,0x00000000c5300000)
 Metaspace       used 4393K, capacity 5424K, committed 5632K, reserved 1056768K
  class space    used 458K, capacity 488K, committed 512K, reserved 1048576K
}
Event: 1.123 GC heap before
{Heap before GC invocations=4 (full 0):
 PSYoungGen      total 68608K, used 68591K [0x00000000eab00000, 0x00000000f3100000, 0x0000000100000000)
  eden space 63488K, 100% used [0x00000000eab00000,0x00000000ee900000,0x00000000ee900000)
  from space 5120K, 99% used [0x00000000ee900000,0x00000000eedfbe18,0x00000000eee00000)
  to   space 5120K, 0% used [0x00000000f2c00000,0x00000000f2c00000,0x00000000f3100000)
 ParOldGen       total 84992K, used 27068K [0x00000000c0000000, 0x00000000c5300000, 0x00000000eab00000)
  object space 84992K, 31% used [0x00000000c0000000,0x00000000c1a6f138,0x00000000c5300000)
 Metaspace       used 4408K, capacity 5424K, committed 5632K, reserved 1056768K
  class space    used 458K, capacity 488K, committed 512K, reserved 1048576K
Event: 1.134 GC heap after
Heap after GC invocations=4 (full 0):
 PSYoungGen      total 132096K, used 5103K [0x00000000eab00000, 0x00000000f3100000, 0x0000000100000000)
  eden space 126976K, 0% used [0x00000000eab00000,0x00000000eab00000,0x00000000f2700000)
  from space 5120K, 99% used [0x00000000f2c00000,0x00000000f30fbea0,0x00000000f3100000)
  to   space 5120K, 0% used [0x00000000f2700000,0x00000000f2700000,0x00000000f2c00000)
 ParOldGen       total 84992K, used 27108K [0x00000000c0000000, 0x00000000c5300000, 0x00000000eab00000)
  object space 84992K, 31% used [0x00000000c0000000,0x00000000c1a79138,0x00000000c5300000)
 Metaspace       used 4408K, capacity 5424K, committed 5632K, reserved 1056768K
  class space    used 458K, capacity 488K, committed 512K, reserved 1048576K
}
Event: 1.798 GC heap before
{Heap before GC invocations=5 (full 0):
 PSYoungGen      total 132096K, used 132079K [0x00000000eab00000, 0x00000000f3100000, 0x0000000100000000)
  eden space 126976K, 100% used [0x00000000eab00000,0x00000000f2700000,0x00000000f2700000)
  from space 5120K, 99% used [0x00000000f2c00000,0x00000000f30fbea0,0x00000000f3100000)
  to   space 5120K, 0% used [0x00000000f2700000,0x00000000f2700000,0x00000000f2c00000)
 ParOldGen       total 84992K, used 27108K [0x00000000c0000000, 0x00000000c5300000, 0x00000000eab00000)
  object space 84992K, 31% used [0x00000000c0000000,0x00000000c1a79138,0x00000000c5300000)
 Metaspace       used 4737K, capacity 5464K, committed 5760K, reserved 1056768K
  class space    used 495K, capacity 528K, committed 640K, reserved 1048576K

Deoptimization events (10 events):
Event: 0.798 Thread 0x00007ff7f400c800 Uncommon trap: reason=unstable_if action=reinterpret pc=0x00007ff7e47bf69c method=java.util.HashMap.getNode(ILjava/lang/Object;)Ljava/util/HashMap$Node; @ 84
Event: 1.165 Thread 0x00007ff7f400c800 Uncommon trap: reason=unstable_if action=reinterpret pc=0x00007ff7e4703408 method=java.lang.String.replace(CC)Ljava/lang/String; @ 2
Event: 1.166 Thread 0x00007ff7f400c800 Uncommon trap: reason=unstable_if action=reinterpret pc=0x00007ff7e46f7348 method=java.lang.String.indexOf(II)I @ 49
Event: 1.167 Thread 0x00007ff7f400c800 Uncommon trap: reason=class_check action=maybe_recompile pc=0x00007ff7e48a8234 method=java.util.HashMap.putVal(ILjava/lang/Object;Ljava/lang/Object;ZZ)Ljava/lang/Object; @ 56
Event: 1.167 Thread 0x00007ff7f400c800 Uncommon trap: reason=class_check action=maybe_recompile pc=0x00007ff7e48a8234 method=java.util.HashMap.putVal(ILjava/lang/Object;Ljava/lang/Object;ZZ)Ljava/lang/Object; @ 56
Event: 1.167 Thread 0x00007ff7f400c800 Uncommon trap: reason=class_check action=maybe_recompile pc=0x00007ff7e48a8234 method=java.util.HashMap.putVal(ILjava/lang/Object;Ljava/lang/Object;ZZ)Ljava/lang/Object; @ 56
Event: 1.167 Thread 0x00007ff7f400c800 Uncommon trap: reason=class_check action=maybe_recompile pc=0x00007ff7e48a829c method=java.util.HashMap.putVal(ILjava/lang/Object;Ljava/lang/Object;ZZ)Ljava/lang/Object; @ 152
Event: 1.167 Thread 0x00007ff7f400c800 Uncommon trap: reason=class_check action=maybe_recompile pc=0x00007ff7e48a829c method=java.util.HashMap.putVal(ILjava/lang/Object;Ljava/lang/Object;ZZ)Ljava/lang/Object; @ 152
Event: 1.432 Thread 0x00007ff7f400c800 Uncommon trap: reason=unstable_if action=reinterpret pc=0x00007ff7e47c2dec method=com.android.dx.merge.DexMerger$IdMerger.readIntoMap(Lcom/android/dex/Dex$Section;Lcom/android/dex/TableOfContents$Section;Lcom/android/dx/merge/IndexMap;ILjava/util/TreeMap;
Event: 1.587 Thread 0x00007ff7f400c800 Uncommon trap: reason=unloaded action=reinterpret pc=0x00007ff7e48da108 method=com.android.dx.merge.IndexMap$EncodedValueTransformer.transform(Lcom/android/dex/EncodedValueReader;)V @ 232

Internal exceptions (3 events):
Event: 0.059 Thread 0x00007ff7f400c800 Exception <a 'java/lang/NoSuchMethodError': Method sun.misc.Unsafe.defineClass(Ljava/lang/String;[BII)Ljava/lang/Class; name or signature does not match> (0x00000000eab12b98) thrown at [/HUDSON/workspace/8-2-build-linux-amd64/jdk8u66/4988/hotspot/src/shar
Event: 0.059 Thread 0x00007ff7f400c800 Exception <a 'java/lang/NoSuchMethodError': Method sun.misc.Unsafe.prefetchRead(Ljava/lang/Object;J)V name or signature does not match> (0x00000000eab12e80) thrown at [/HUDSON/workspace/8-2-build-linux-amd64/jdk8u66/4988/hotspot/src/share/vm/prims/jni.cpp
Event: 1.432 Thread 0x00007ff7f400c800 Implicit null exception at 0x00007ff7e47c1db2 to 0x00007ff7e47c2dc9

Events (10 events):
Event: 1.561 Thread 0x00007ff7f400c800 DEOPT PACKING pc=0x00007ff7e479bcc4 sp=0x00007ff7fa5e42b0
Event: 1.561 Thread 0x00007ff7f400c800 DEOPT UNPACKING pc=0x00007ff7e45f0633 sp=0x00007ff7fa5e4048 mode 0
Event: 1.587 Thread 0x00007ff7f400c800 Uncommon trap: trap_request=0x00000069 fr.pc=0x00007ff7e48da108
Event: 1.587 Thread 0x00007ff7f400c800 DEOPT PACKING pc=0x00007ff7e48da108 sp=0x00007ff7fa5e42b0
Event: 1.587 Thread 0x00007ff7f400c800 DEOPT UNPACKING pc=0x00007ff7e45ae229 sp=0x00007ff7fa5e42b0 mode 2
Event: 1.599 loading class java/util/Collections$EmptyIterator
Event: 1.599 loading class java/util/Collections$EmptyIterator done
Event: 1.604 Thread 0x00007ff7f400c800 DEOPT PACKING pc=0x00007ff7e482dd8f sp=0x00007ff7fa5e43a0
Event: 1.604 Thread 0x00007ff7f400c800 DEOPT UNPACKING pc=0x00007ff7e45f0633 sp=0x00007ff7fa5e4110 mode 0
Event: 1.798 Executing VM operation: ParallelGCFailedAllocation


Dynamic libraries:
00400000-00401000 r-xp 00000000 08:05 18101889                           /usr/lib/jvm/jdk1.8.0/bin/java
00600000-00601000 rw-p 00000000 08:05 18101889                           /usr/lib/jvm/jdk1.8.0/bin/java
008bd000-008de000 rw-p 00000000 00:00 0                                  [heap]
c0000000-c5300000 rw-p 00000000 00:00 0 
c5300000-eab00000 ---p 00000000 00:00 0 
eab00000-f3100000 rw-p 00000000 00:00 0 
fda00000-100000000 ---p 00000000 00:00 0 
100000000-1000a0000 rw-p 00000000 00:00 0 
1000a0000-140000000 ---p 00000000 00:00 0 
7ff7a4000000-7ff7a4021000 rw-p 00000000 00:00 0 
7ff7a4021000-7ff7a8000000 ---p 00000000 00:00 0 
7ff7a8000000-7ff7a8021000 rw-p 00000000 00:00 0 
7ff7a8021000-7ff7ac000000 ---p 00000000 00:00 0 
7ff7ac000000-7ff7aceb6000 rw-p 00000000 00:00 0 
7ff7aceb6000-7ff7b0000000 ---p 00000000 00:00 0 
7ff7b0000000-7ff7b0515000 rw-p 00000000 00:00 0 
7ff7b0515000-7ff7b4000000 ---p 00000000 00:00 0 
7ff7b4000000-7ff7b4021000 rw-p 00000000 00:00 0 
7ff7b4021000-7ff7b8000000 ---p 00000000 00:00 0 
7ff7b8000000-7ff7b91ab000 rw-p 00000000 00:00 0 
7ff7b91ab000-7ff7bc000000 ---p 00000000 00:00 0 
7ff7bc000000-7ff7bc021000 rw-p 00000000 00:00 0 
7ff7bc021000-7ff7c0000000 ---p 00000000 00:00 0 
7ff7c0000000-7ff7c0021000 rw-p 00000000 00:00 0 
7ff7c0021000-7ff7c4000000 ---p 00000000 00:00 0 
7ff7c4000000-7ff7c4021000 rw-p 00000000 00:00 0 
7ff7c4021000-7ff7c8000000 ---p 00000000 00:00 0 
7ff7c8000000-7ff7c828b000 rw-p 00000000 00:00 0 
7ff7c828b000-7ff7cc000000 ---p 00000000 00:00 0 
7ff7cc000000-7ff7cc021000 rw-p 00000000 00:00 0 
7ff7cc021000-7ff7d0000000 ---p 00000000 00:00 0 
7ff7d4000000-7ff7d4021000 rw-p 00000000 00:00 0 
7ff7d4021000-7ff7d8000000 ---p 00000000 00:00 0 
7ff7dad9e000-7ff7dad9f000 ---p 00000000 00:00 0 
7ff7dad9f000-7ff7dae9f000 rw-p 00000000 00:00 0                          [stack:6548]
7ff7dae9f000-7ff7daea2000 ---p 00000000 00:00 0 
7ff7daea2000-7ff7dafa0000 rw-p 00000000 00:00 0                          [stack:6547]
7ff7dafa0000-7ff7dafa3000 ---p 00000000 00:00 0 
7ff7dafa3000-7ff7db0a1000 rw-p 00000000 00:00 0                          [stack:6546]
7ff7db0a1000-7ff7db0a4000 ---p 00000000 00:00 0 
7ff7db0a4000-7ff7db1a2000 rw-p 00000000 00:00 0                          [stack:6545]
7ff7db1a2000-7ff7db1a5000 ---p 00000000 00:00 0 
7ff7db1a5000-7ff7db2a3000 rw-p 00000000 00:00 0                          [stack:6544]
7ff7db2a3000-7ff7db2a6000 ---p 00000000 00:00 0 
7ff7db2a6000-7ff7db3a4000 rw-p 00000000 00:00 0                          [stack:6543]
7ff7db3a4000-7ff7dbbfc000 r--p 00000000 08:05 11671680                   /usr/lib/locale/locale-archive
7ff7dbbfc000-7ff7dbbff000 ---p 00000000 00:00 0 
7ff7dbbff000-7ff7dbcfd000 rw-p 00000000 00:00 0                          [stack:6542]
7ff7dbcfd000-7ff7dbd00000 ---p 00000000 00:00 0 
7ff7dbd00000-7ff7dbdfe000 rw-p 00000000 00:00 0                          [stack:6541]
7ff7dbdfe000-7ff7dbdff000 ---p 00000000 00:00 0 
7ff7dbdff000-7ff7dc000000 rw-p 00000000 00:00 0                          [stack:6540]
7ff7dc000000-7ff7dc021000 rw-p 00000000 00:00 0 
7ff7dc021000-7ff7e0000000 ---p 00000000 00:00 0 
7ff7e0037000-7ff7e0eb5000 rw-p 00000000 00:00 0 
7ff7e0eb5000-7ff7e108e000 r--s 03d20000 08:05 18390212                   /usr/lib/jvm/jdk1.8.0/jre/lib/rt.jar
7ff7e108e000-7ff7e158e000 rw-p 00000000 00:00 0 
7ff7e158e000-7ff7e188e000 ---p 00000000 00:00 0 
7ff7e188e000-7ff7e3a8e000 rw-p 00000000 00:00 0 
7ff7e3a8e000-7ff7e3a8f000 ---p 00000000 00:00 0 
7ff7e3a8f000-7ff7e3b8f000 rw-p 00000000 00:00 0                          [stack:6539]
7ff7e3b8f000-7ff7e3b90000 ---p 00000000 00:00 0 
7ff7e3b90000-7ff7e3c90000 rw-p 00000000 00:00 0                          [stack:6538]
7ff7e3c90000-7ff7e3c91000 ---p 00000000 00:00 0 
7ff7e3c91000-7ff7e3d91000 rw-p 00000000 00:00 0                          [stack:6537]
7ff7e3d91000-7ff7e3d92000 ---p 00000000 00:00 0 
7ff7e3d92000-7ff7e3ebc000 rw-p 00000000 00:00 0                          [stack:6536]
7ff7e3ebc000-7ff7e3fe8000 ---p 00000000 00:00 0 
7ff7e3fe8000-7ff7e4012000 rw-p 00000000 00:00 0 
7ff7e4012000-7ff7e413d000 ---p 00000000 00:00 0 
7ff7e413d000-7ff7e4181000 rw-p 00000000 00:00 0 
7ff7e4181000-7ff7e41e8000 ---p 00000000 00:00 0 
7ff7e41e8000-7ff7e41f8000 rw-p 00000000 00:00 0 
7ff7e41f8000-7ff7e45a9000 ---p 00000000 00:00 0 
7ff7e45a9000-7ff7e4939000 rwxp 00000000 00:00 0 
7ff7e4939000-7ff7f35a9000 ---p 00000000 00:00 0 
7ff7f35a9000-7ff7f35c3000 r-xp 00000000 08:05 18503316                   /usr/lib/jvm/jdk1.8.0/jre/lib/amd64/libzip.so
7ff7f35c3000-7ff7f37c3000 ---p 0001a000 08:05 18503316                   /usr/lib/jvm/jdk1.8.0/jre/lib/amd64/libzip.so
7ff7f37c3000-7ff7f37c4000 rw-p 0001a000 08:05 18503316                   /usr/lib/jvm/jdk1.8.0/jre/lib/amd64/libzip.so
7ff7f37c4000-7ff7f37d0000 r-xp 00000000 08:05 16650472                   /lib/x86_64-linux-gnu/libnss_files-2.21.so
7ff7f37d0000-7ff7f39cf000 ---p 0000c000 08:05 16650472                   /lib/x86_64-linux-gnu/libnss_files-2.21.so
7ff7f39cf000-7ff7f39d0000 r--p 0000b000 08:05 16650472                   /lib/x86_64-linux-gnu/libnss_files-2.21.so
7ff7f39d0000-7ff7f39d1000 rw-p 0000c000 08:05 16650472                   /lib/x86_64-linux-gnu/libnss_files-2.21.so
7ff7f39d1000-7ff7f39dc000 r-xp 00000000 08:05 16650482                   /lib/x86_64-linux-gnu/libnss_nis-2.21.so
7ff7f39dc000-7ff7f3bdb000 ---p 0000b000 08:05 16650482                   /lib/x86_64-linux-gnu/libnss_nis-2.21.so
7ff7f3bdb000-7ff7f3bdc000 r--p 0000a000 08:05 16650482                   /lib/x86_64-linux-gnu/libnss_nis-2.21.so
7ff7f3bdc000-7ff7f3bdd000 rw-p 0000b000 08:05 16650482                   /lib/x86_64-linux-gnu/libnss_nis-2.21.so
7ff7f3bdd000-7ff7f3bf4000 r-xp 00000000 08:05 16650466                   /lib/x86_64-linux-gnu/libnsl-2.21.so
7ff7f3bf4000-7ff7f3df3000 ---p 00017000 08:05 16650466                   /lib/x86_64-linux-gnu/libnsl-2.21.so
7ff7f3df3000-7ff7f3df4000 r--p 00016000 08:05 16650466                   /lib/x86_64-linux-gnu/libnsl-2.21.so
7ff7f3df4000-7ff7f3df5000 rw-p 00017000 08:05 16650466                   /lib/x86_64-linux-gnu/libnsl-2.21.so
7ff7f3df5000-7ff7f3df7000 rw-p 00000000 00:00 0 
7ff7f3df7000-7ff7f3dff000 r-xp 00000000 08:05 16650468                   /lib/x86_64-linux-gnu/libnss_compat-2.21.so
7ff7f3dff000-7ff7f3ffe000 ---p 00008000 08:05 16650468                   /lib/x86_64-linux-gnu/libnss_compat-2.21.so
7ff7f3ffe000-7ff7f3fff000 r--p 00007000 08:05 16650468                   /lib/x86_64-linux-gnu/libnss_compat-2.21.so
7ff7f3fff000-7ff7f4000000 rw-p 00008000 08:05 16650468                   /lib/x86_64-linux-gnu/libnss_compat-2.21.so
7ff7f4000000-7ff7f43fd000 rw-p 00000000 00:00 0 
7ff7f43fd000-7ff7f8000000 ---p 00000000 00:00 0 
7ff7f8002000-7ff7f80bb000 rw-p 00000000 00:00 0 
7ff7f80bb000-7ff7f80e5000 r-xp 00000000 08:05 18503311                   /usr/lib/jvm/jdk1.8.0/jre/lib/amd64/libjava.so
7ff7f80e5000-7ff7f82e5000 ---p 0002a000 08:05 18503311                   /usr/lib/jvm/jdk1.8.0/jre/lib/amd64/libjava.so
7ff7f82e5000-7ff7f82e7000 rw-p 0002a000 08:05 18503311                   /usr/lib/jvm/jdk1.8.0/jre/lib/amd64/libjava.so
7ff7f82e7000-7ff7f82f4000 r-xp 00000000 08:05 18503315                   /usr/lib/jvm/jdk1.8.0/jre/lib/amd64/libverify.so
7ff7f82f4000-7ff7f84f4000 ---p 0000d000 08:05 18503315                   /usr/lib/jvm/jdk1.8.0/jre/lib/amd64/libverify.so
7ff7f84f4000-7ff7f84f6000 rw-p 0000d000 08:05 18503315                   /usr/lib/jvm/jdk1.8.0/jre/lib/amd64/libverify.so
7ff7f84f6000-7ff7f84fd000 r-xp 00000000 08:05 16650527                   /lib/x86_64-linux-gnu/librt-2.21.so
7ff7f84fd000-7ff7f86fc000 ---p 00007000 08:05 16650527                   /lib/x86_64-linux-gnu/librt-2.21.so
7ff7f86fc000-7ff7f86fd000 r--p 00006000 08:05 16650527                   /lib/x86_64-linux-gnu/librt-2.21.so
7ff7f86fd000-7ff7f86fe000 rw-p 00007000 08:05 16650527                   /lib/x86_64-linux-gnu/librt-2.21.so
7ff7f86fe000-7ff7f8805000 r-xp 00000000 08:05 16650445                   /lib/x86_64-linux-gnu/libm-2.21.so
7ff7f8805000-7ff7f8a04000 ---p 00107000 08:05 16650445                   /lib/x86_64-linux-gnu/libm-2.21.so
7ff7f8a04000-7ff7f8a05000 r--p 00106000 08:05 16650445                   /lib/x86_64-linux-gnu/libm-2.21.so
7ff7f8a05000-7ff7f8a06000 rw-p 00107000 08:05 16650445                   /lib/x86_64-linux-gnu/libm-2.21.so
7ff7f8a06000-7ff7f96c4000 r-xp 00000000 08:05 18503294                   /usr/lib/jvm/jdk1.8.0/jre/lib/amd64/server/libjvm.so
7ff7f96c4000-7ff7f98c3000 ---p 00cbe000 08:05 18503294                   /usr/lib/jvm/jdk1.8.0/jre/lib/amd64/server/libjvm.so
7ff7f98c3000-7ff7f999c000 rw-p 00cbd000 08:05 18503294                   /usr/lib/jvm/jdk1.8.0/jre/lib/amd64/server/libjvm.so
7ff7f999c000-7ff7f99e0000 rw-p 00000000 00:00 0 
7ff7f99e0000-7ff7f9ba0000 r-xp 00000000 08:05 16650389                   /lib/x86_64-linux-gnu/libc-2.21.so
7ff7f9ba0000-7ff7f9da0000 ---p 001c0000 08:05 16650389                   /lib/x86_64-linux-gnu/libc-2.21.so
7ff7f9da0000-7ff7f9da4000 r--p 001c0000 08:05 16650389                   /lib/x86_64-linux-gnu/libc-2.21.so
7ff7f9da4000-7ff7f9da6000 rw-p 001c4000 08:05 16650389                   /lib/x86_64-linux-gnu/libc-2.21.so
7ff7f9da6000-7ff7f9daa000 rw-p 00000000 00:00 0 
7ff7f9daa000-7ff7f9dad000 r-xp 00000000 08:05 16650404                   /lib/x86_64-linux-gnu/libdl-2.21.so
7ff7f9dad000-7ff7f9fac000 ---p 00003000 08:05 16650404                   /lib/x86_64-linux-gnu/libdl-2.21.so
7ff7f9fac000-7ff7f9fad000 r--p 00002000 08:05 16650404                   /lib/x86_64-linux-gnu/libdl-2.21.so
7ff7f9fad000-7ff7f9fae000 rw-p 00003000 08:05 16650404                   /lib/x86_64-linux-gnu/libdl-2.21.so
7ff7f9fae000-7ff7f9fc3000 r-xp 00000000 08:05 18390058                   /usr/lib/jvm/jdk1.8.0/lib/amd64/jli/libjli.so
7ff7f9fc3000-7ff7fa1c3000 ---p 00015000 08:05 18390058                   /usr/lib/jvm/jdk1.8.0/lib/amd64/jli/libjli.so
7ff7fa1c3000-7ff7fa1c4000 rw-p 00015000 08:05 18390058                   /usr/lib/jvm/jdk1.8.0/lib/amd64/jli/libjli.so
7ff7fa1c4000-7ff7fa1dc000 r-xp 00000000 08:05 16650519                   /lib/x86_64-linux-gnu/libpthread-2.21.so
7ff7fa1dc000-7ff7fa3dc000 ---p 00018000 08:05 16650519                   /lib/x86_64-linux-gnu/libpthread-2.21.so
7ff7fa3dc000-7ff7fa3dd000 r--p 00018000 08:05 16650519                   /lib/x86_64-linux-gnu/libpthread-2.21.so
7ff7fa3dd000-7ff7fa3de000 rw-p 00019000 08:05 16650519                   /lib/x86_64-linux-gnu/libpthread-2.21.so
7ff7fa3de000-7ff7fa3e2000 rw-p 00000000 00:00 0 
7ff7fa3e2000-7ff7fa406000 r-xp 00000000 08:05 16650361                   /lib/x86_64-linux-gnu/ld-2.21.so
7ff7fa406000-7ff7fa407000 r--p 00000000 08:05 13247038                   /usr/share/locale-langpack/en_GB/LC_MESSAGES/libc.mo
7ff7fa407000-7ff7fa40c000 r--s 00096000 08:05 18390262                   /usr/lib/jvm/jdk1.8.0/jre/lib/jsse.jar
7ff7fa40c000-7ff7fa4e5000 rw-p 00000000 00:00 0 
7ff7fa4e5000-7ff7fa4e8000 ---p 00000000 00:00 0 
7ff7fa4e8000-7ff7fa5ea000 rw-p 00000000 00:00 0                          [stack:6535]
7ff7fa5ea000-7ff7fa5f9000 r--s 000df000 08:05 1715644                    /home/amr/Android/Sdk/build-tools/23.0.2/lib/dx.jar
7ff7fa5f9000-7ff7fa601000 rw-s 00000000 08:05 14029022                   /tmp/hsperfdata_amr/6530
7ff7fa601000-7ff7fa602000 rw-p 00000000 00:00 0 
7ff7fa602000-7ff7fa603000 ---p 00000000 00:00 0 
7ff7fa603000-7ff7fa605000 rw-p 00000000 00:00 0 
7ff7fa605000-7ff7fa606000 r--p 00023000 08:05 16650361                   /lib/x86_64-linux-gnu/ld-2.21.so
7ff7fa606000-7ff7fa607000 rw-p 00024000 08:05 16650361                   /lib/x86_64-linux-gnu/ld-2.21.so
7ff7fa607000-7ff7fa608000 rw-p 00000000 00:00 0 
7ffcbae6b000-7ffcbae8d000 rw-p 00000000 00:00 0                          [stack]
7ffcbaf08000-7ffcbaf0a000 r--p 00000000 00:00 0                          [vvar]
7ffcbaf0a000-7ffcbaf0c000 r-xp 00000000 00:00 0                          [vdso]
ffffffffff600000-ffffffffff601000 r-xp 00000000 00:00 0                  [vsyscall]

VM Arguments:
jvm_args: -Djava.awt.headless=true -Xmx1024M -Dfile.encoding=UTF-8 -Duser.country=GB -Duser.language=en -Duser.variant 
java_command: com.android.dx.command.Main --dex --num-threads=4 --output /home/amr/StudioProjects/CovUniNavigator/app/build/intermediates/transforms/dex/debug/folders/1000/1f/main /home/amr/StudioProjects/CovUniNavigator/app/build/intermediates/pre-dexed/debug/support-annotations-23.1.1_2053dbe67c84a5f27edb9c305e8fd178595eb968.jar /home/amr/StudioProjects/CovUniNavigator/app/build/intermediates/pre-dexed/debug/com.google.android.gms-play-services-panorama-8.4.0_51b280a1912b886ae5c589de4aed8d77f091b0f0.jar /home/amr/StudioProjects/CovUniNavigator/app/build/intermediates/pre-dexed/debug/internal_impl-23.0.0_01e968200837ef08e8f094df2841e9221296b7de.jar /home/amr/StudioProjects/CovUniNavigator/app/build/intermediates/pre-dexed/debug/com.google.android.gms-play-services-safetynet-8.4.0_c2a46fd9caeef832123105c8f0de4d4993c4f88b.jar /home/amr/StudioProjects/CovUniNavigator/app/build/intermediates/pre-dexed/debug/com.google.android.gms-play-services-identity-8.4.0_7fe9032891df10417d34df5872bd5296e6c95584.jar /home/amr/StudioProjects/CovUniNavigator/app/build/intermediates/pre-dexed/debug/com.google.android.gms-play-services-appinvite-8.4.0_f0a049dbab369cb47c722c441660b523415f4dde.jar /home/amr/StudioProjects/CovUniNavigator/app/build/intermediates/pre-dexed/debug/com.google.android.gms-play-services-appindexing-8.4.0_48434a9c53851c02e41f7375a87fd82856732892.jar /home/amr/StudioProjects/CovUniNavigator/app/build/intermediates/pre-dexed/debug/com.google.android.gms-play-services-gcm-8.4.0_8a85228443732c7023f29ab7f46af2f77b1f88af.jar /home/amr/StudioProjects/CovUniNavigator/app/build/intermediates/pre-dexed/debug/com.google.android.gms-play-services-vision-8.4.0_72398dfd60f59166e6a1dac6958c2cf8dc9dae76.jar /home/amr/StudioProjects/CovUniNavigator/app/build/intermediates/pre-dexed/debug/com.google.android.gms-play-services-base-8.4.0_2be0a44dff86955c9e76731d34b4990157d262b6.jar /home/amr/StudioProjects/CovUniNavigator/app/build/intermediates/pre-dexed/debug/com.google.android.
java_class_path (initial): /home/amr/Android/Sdk/build-tools/23.0.2/lib/dx.jar
Launcher Type: SUN_STANDARD

Environment Variables:
JAVA_HOME=/usr/lib/jvm/java-8-oracle
PATH=/usr/lib/jvm/java-8-openjdk-amd64/bin:/usr/local/sbin:/usr/local/bin:/usr/sbin:/usr/bin:/sbin:/bin:/usr/games:/usr/local/games:/usr/lib/jvm/java-8-oracle/bin:/usr/lib/jvm/java-8-oracle/db/bin:/usr/lib/jvm/java-8-oracle/jre/bin
LD_LIBRARY_PATH=/home/amr/tools/android/android-studio/bin:
SHELL=/bin/bash
DISPLAY=:0.0

Signal Handlers:
SIGSEGV: [libjvm.so+0xaba2a0], sa_mask[0]=11111111011111111101111111111110, sa_flags=SA_RESTART|SA_SIGINFO
SIGBUS: [libjvm.so+0xaba2a0], sa_mask[0]=11111111011111111101111111111110, sa_flags=SA_RESTART|SA_SIGINFO
SIGFPE: [libjvm.so+0x917710], sa_mask[0]=11111111011111111101111111111110, sa_flags=SA_RESTART|SA_SIGINFO
SIGPIPE: [libjvm.so+0x917710], sa_mask[0]=11111111011111111101111111111110, sa_flags=SA_RESTART|SA_SIGINFO
SIGXFSZ: [libjvm.so+0x917710], sa_mask[0]=11111111011111111101111111111110, sa_flags=SA_RESTART|SA_SIGINFO
SIGILL: [libjvm.so+0x917710], sa_mask[0]=11111111011111111101111111111110, sa_flags=SA_RESTART|SA_SIGINFO
SIGUSR1: SIG_DFL, sa_mask[0]=00000000000000000000000000000000, sa_flags=none
SIGUSR2: [libjvm.so+0x918d40], sa_mask[0]=00100000000000000000000000000000, sa_flags=SA_RESTART|SA_SIGINFO
SIGHUP: [libjvm.so+0x91a140], sa_mask[0]=11111111011111111101111111111110, sa_flags=SA_RESTART|SA_SIGINFO
SIGINT: [libjvm.so+0x91a140], sa_mask[0]=11111111011111111101111111111110, sa_flags=SA_RESTART|SA_SIGINFO
SIGTERM: [libjvm.so+0x91a140], sa_mask[0]=11111111011111111101111111111110, sa_flags=SA_RESTART|SA_SIGINFO
SIGQUIT: [libjvm.so+0x91a140], sa_mask[0]=11111111011111111101111111111110, sa_flags=SA_RESTART|SA_SIGINFO


---------------  S Y S T E M  ---------------

OS:DISTRIB_ID=Ubuntu
DISTRIB_RELEASE=15.04
DISTRIB_CODENAME=vivid
DISTRIB_DESCRIPTION="Ubuntu 15.04"

uname:Linux 3.19.0-39-generic #44-Ubuntu SMP Tue Dec 1 14:39:05 UTC 2015 x86_64
libc:glibc 2.21 NPTL 2.21 
rlimit: STACK 8192k, CORE 0k, NPROC 31278, NOFILE 65536, AS infinity
load average:1.79 1.17 0.92

/proc/meminfo:
MemTotal:        8087844 kB
MemFree:          147332 kB
MemAvailable:     114500 kB
Buffers:            1048 kB
Cached:          1982336 kB
SwapCached:            0 kB
Active:          5905028 kB
Inactive:        1783196 kB
Active(anon):    5877068 kB
Inactive(anon):  1757840 kB
Active(file):      27960 kB
Inactive(file):    25356 kB
Unevictable:       42200 kB
Mlocked:           42200 kB
SwapTotal:             0 kB
SwapFree:              0 kB
Dirty:              2272 kB
Writeback:             0 kB
AnonPages:       5747556 kB
Mapped:           752864 kB
Shmem:           1929632 kB
Slab:              89724 kB
SReclaimable:      49960 kB
SUnreclaim:        39764 kB
KernelStack:       11024 kB
PageTables:        48884 kB
NFS_Unstable:          0 kB
Bounce:                0 kB
WritebackTmp:          0 kB
CommitLimit:     4043920 kB
Committed_AS:   13366496 kB
VmallocTotal:   34359738367 kB
VmallocUsed:      565140 kB
VmallocChunk:   34359153012 kB
HardwareCorrupted:     0 kB
AnonHugePages:   3452928 kB
CmaTotal:              0 kB
CmaFree:               0 kB
HugePages_Total:       0
HugePages_Free:        0
HugePages_Rsvd:        0
HugePages_Surp:        0
Hugepagesize:       2048 kB
DirectMap4k:      182912 kB
DirectMap2M:     8118272 kB
DirectMap1G:           0 kB


CPU:total 4 (2 cores per cpu, 2 threads per core) family 6 model 61 stepping 4, cmov, cx8, fxsr, mmx, sse, sse2, sse3, ssse3, sse4.1, sse4.2, popcnt, avx, avx2, aes, clmul, erms, 3dnowpref, lzcnt, ht, tsc, tscinvbit, bmi1, bmi2, adx

/proc/cpuinfo:
processor	: 0
vendor_id	: GenuineIntel
cpu family	: 6
model		: 61
model name	: Intel(R) Core(TM) i5-5200U CPU @ 2.20GHz
stepping	: 4
microcode	: 0x1d
cpu MHz		: 2499.921
cache size	: 3072 KB
physical id	: 0
siblings	: 4
core id		: 0
cpu cores	: 2
apicid		: 0
initial apicid	: 0
fpu		: yes
fpu_exception	: yes
cpuid level	: 20
wp		: yes
flags		: fpu vme de pse tsc msr pae mce cx8 apic sep mtrr pge mca cmov pat pse36 clflush dts acpi mmx fxsr sse sse2 ss ht tm pbe syscall nx pdpe1gb rdtscp lm constant_tsc arch_perfmon pebs bts rep_good nopl xtopology nonstop_tsc aperfmperf eagerfpu pni pclmulqdq dtes64 monitor ds_cpl vmx est tm2 ssse3 fma cx16 xtpr pdcm pcid sse4_1 sse4_2 x2apic movbe popcnt tsc_deadline_timer aes xsave avx f16c rdrand lahf_lm abm 3dnowprefetch ida arat epb pln pts dtherm tpr_shadow vnmi flexpriority ept vpid fsgsbase tsc_adjust bmi1 avx2 smep bmi2 erms invpcid rdseed adx smap xsaveopt
bugs		:
bogomips	: 4389.91
clflush size	: 64
cache_alignment	: 64
address sizes	: 39 bits physical, 48 bits virtual
power management:

processor	: 1
vendor_id	: GenuineIntel
cpu family	: 6
model		: 61
model name	: Intel(R) Core(TM) i5-5200U CPU @ 2.20GHz
stepping	: 4
microcode	: 0x1d
cpu MHz		: 2499.921
cache size	: 3072 KB
physical id	: 0
siblings	: 4
core id		: 1
cpu cores	: 2
apicid		: 2
initial apicid	: 2
fpu		: yes
fpu_exception	: yes
cpuid level	: 20
wp		: yes
flags		: fpu vme de pse tsc msr pae mce cx8 apic sep mtrr pge mca cmov pat pse36 clflush dts acpi mmx fxsr sse sse2 ss ht tm pbe syscall nx pdpe1gb rdtscp lm constant_tsc arch_perfmon pebs bts rep_good nopl xtopology nonstop_tsc aperfmperf eagerfpu pni pclmulqdq dtes64 monitor ds_cpl vmx est tm2 ssse3 fma cx16 xtpr pdcm pcid sse4_1 sse4_2 x2apic movbe popcnt tsc_deadline_timer aes xsave avx f16c rdrand lahf_lm abm 3dnowprefetch ida arat epb pln pts dtherm tpr_shadow vnmi flexpriority ept vpid fsgsbase tsc_adjust bmi1 avx2 smep bmi2 erms invpcid rdseed adx smap xsaveopt
bugs		:
bogomips	: 4389.91
clflush size	: 64
cache_alignment	: 64
address sizes	: 39 bits physical, 48 bits virtual
power management:

processor	: 2
vendor_id	: GenuineIntel
cpu family	: 6
model		: 61
model name	: Intel(R) Core(TM) i5-5200U CPU @ 2.20GHz
stepping	: 4
microcode	: 0x1d
cpu MHz		: 2499.921
cache size	: 3072 KB
physical id	: 0
siblings	: 4
core id		: 0
cpu cores	: 2
apicid		: 1
initial apicid	: 1
fpu		: yes
fpu_exception	: yes
cpuid level	: 20
wp		: yes
flags		: fpu vme de pse tsc msr pae mce cx8 apic sep mtrr pge mca cmov pat pse36 clflush dts acpi mmx fxsr sse sse2 ss ht tm pbe syscall nx pdpe1gb rdtscp lm constant_tsc arch_perfmon pebs bts rep_good nopl xtopology nonstop_tsc aperfmperf eagerfpu pni pclmulqdq dtes64 monitor ds_cpl vmx est tm2 ssse3 fma cx16 xtpr pdcm pcid sse4_1 sse4_2 x2apic movbe popcnt tsc_deadline_timer aes xsave avx f16c rdrand lahf_lm abm 3dnowprefetch ida arat epb pln pts dtherm tpr_shadow vnmi flexpriority ept vpid fsgsbase tsc_adjust bmi1 avx2 smep bmi2 erms invpcid rdseed adx smap xsaveopt
bugs		:
bogomips	: 4389.91
clflush size	: 64
cache_alignment	: 64
address sizes	: 39 bits physical, 48 bits virtual
power management:

processor	: 3
vendor_id	: GenuineIntel
cpu family	: 6
model		: 61
model name	: Intel(R) Core(TM) i5-5200U CPU @ 2.20GHz
stepping	: 4
microcode	: 0x1d
cpu MHz		: 2499.921
cache size	: 3072 KB
physical id	: 0
siblings	: 4
core id		: 1
cpu cores	: 2
apicid		: 3
initial apicid	: 3
fpu		: yes
fpu_exception	: yes
cpuid level	: 20
wp		: yes
flags		: fpu vme de pse tsc msr pae mce cx8 apic sep mtrr pge mca cmov pat pse36 clflush dts acpi mmx fxsr sse sse2 ss ht tm pbe syscall nx pdpe1gb rdtscp lm constant_tsc arch_perfmon pebs bts rep_good nopl xtopology nonstop_tsc aperfmperf eagerfpu pni pclmulqdq dtes64 monitor ds_cpl vmx est tm2 ssse3 fma cx16 xtpr pdcm pcid sse4_1 sse4_2 x2apic movbe popcnt tsc_deadline_timer aes xsave avx f16c rdrand lahf_lm abm 3dnowprefetch ida arat epb pln pts dtherm tpr_shadow vnmi flexpriority ept vpid fsgsbase tsc_adjust bmi1 avx2 smep bmi2 erms invpcid rdseed adx smap xsaveopt
bugs		:
bogomips	: 4389.91
clflush size	: 64
cache_alignment	: 64
address sizes	: 39 bits physical, 48 bits virtual
power management:



Memory: 4k page, physical 8087844k(147332k free), swap 0k(0k free)

vm_info: Java HotSpot(TM) 64-Bit Server VM (25.66-b17) for linux-amd64 JRE (1.8.0_66-b17), built on Oct  6 2015 17:28:34 by "java_re" with gcc 4.3.0 20080428 (Red Hat 4.3.0-8)

time: Wed Jan 13 19:09:30 2016
elapsed time: 1 seconds (0d 0h 0m 1s)

